2025-08-21 20:42:07 [INFO    ] [AdvancedMetricsCollector:196] 🚀 Advanced Metrics Collector initialized
2025-08-21 20:42:07 [INFO    ] [OmegaPredictor:131] ✅ Directorios clave creados o verificados.
2025-08-21 20:43:01 [INFO    ] [OmegaPredictor:268] ✅ Predictor inicializado con 3652 sorteos históricos
2025-08-21 20:43:03 [INFO    ] [OmegaPredictor:1299] 🚀 Iniciando pipeline de predicción con monitoreo
2025-08-21 20:43:03 [INFO    ] [OmegaPredictor:1350] ⚙️ Ejecutando modelo: consensus
2025-08-21 20:43:03 [INFO    ] [OmegaPredictor:398] 🚀 Starting consensus generation (📊 STANDARD - perfil_svi: moderado)
2025-08-21 20:43:03 [INFO    ] [OmegaPredictor:414] ✅ Validación de seguridad de datos exitosa
2025-08-21 20:43:06 [INFO    ] [OmegaPredictor:440] ✅ Omega 200 Analyzer ejecutado exitosamente
2025-08-21 20:43:07 [INFO    ] [OmegaPredictor:449] ✅ Positional RNG Analyzer ejecutado exitosamente
2025-08-21 20:43:07 [INFO    ] [OmegaPredictor:458] ✅ Entropy FFT Analyzer ejecutado exitosamente
2025-08-21 20:43:08 [INFO    ] [OmegaPredictor:470] ✅ Partial Hit Optimizer ejecutado exitosamente
2025-08-21 20:43:08 [INFO    ] [OmegaPredictor:490] ✅ Budget Optimizer ejecutado exitosamente
2025-08-21 20:43:08 [INFO    ] [OmegaPredictor:500] ♻️ Reentrenando modelos …
2025-08-21 20:44:09 [ERROR   ] [OmegaPredictor:519] 🚨 Error en consenso: The truth value of a DataFrame is ambiguous. Use a.empty, a.bool(), a.item(), a.any() or a.all().
2025-08-21 20:44:09 [INFO    ] [OmegaPredictor:1350] ⚙️ Ejecutando modelo: lstm_v2
2025-08-21 20:44:09 [INFO    ] [OmegaPredictor:282] [OMEGA-LSTM] 🤖 Configuración adaptativa aplicada para 65-70% accuracy target:
2025-08-21 20:44:09 [INFO    ] [OmegaPredictor:282] [OMEGA-LSTM]   • Memory: 1.2GB available
2025-08-21 20:44:09 [INFO    ] [OmegaPredictor:282] [OMEGA-LSTM]   • Config: epochs=20, batch_size=8, units=64
2025-08-21 20:44:09 [INFO    ] [OmegaPredictor:282] [OMEGA-LSTM]   • Architecture: bidirectional=False, attention=False
2025-08-21 20:44:09 [INFO    ] [OmegaPredictor:282] [OMEGA-LSTM] 🚀 Iniciando LSTM Mejorado v2.0 - Objetivo: 65-70% accuracy
2025-08-21 20:44:09 [INFO    ] [OmegaPredictor:282] [OMEGA-LSTM] 📊 Arquitectura: Basic | Bidirectional: False | Attention: False | Strategic Filtering: False
2025-08-21 20:44:09 [INFO    ] [OmegaPredictor:282] [OMEGA-LSTM] ⚙️ Hiperparámetros: units=64, steps=5, batch_size=8, epochs=20
2025-08-21 20:44:09 [INFO    ] [OmegaPredictor:282] [OMEGA-LSTM] 🎯 Configuración final: bidirectional=False, attention=False, units=64, epochs=20, batch_size=8
2025-08-21 20:44:09 [INFO    ] [OmegaPredictor:282] [OMEGA-LSTM] Adjusted early stopping patience: 20
2025-08-21 20:44:09 [INFO    ] [OmegaPredictor:282] [OMEGA-LSTM] Adjusted LR reduction factor: 0.3
2025-08-21 20:44:09 [INFO    ] [OmegaPredictor:282] [OMEGA-LSTM] Adjusted batch size: 8
2025-08-21 20:44:09 [INFO    ] [OmegaPredictor:282] [OMEGA-LSTM] 💻 No GPU detected, using CPU training
2025-08-21 20:44:09 [INFO    ] [OmegaPredictor:282] [OMEGA-LSTM] Generadores creados: train=388, val=68
2025-08-21 20:44:09 [INFO    ] [OmegaPredictor:282] [OMEGA-LSTM] Modelo construido con arquitectura basic
2025-08-21 20:44:09 [INFO    ] [OmegaPredictor:282] [OMEGA-LSTM] 🚀 Iniciando entrenamiento: 20 epochs, batch_size=8
2025-08-21 20:44:29 [INFO    ] [OmegaPredictor:282] [OMEGA-LSTM] ✅ Entrenamiento completado exitosamente
2025-08-21 20:45:15 [WARNING ] [OmegaPredictor:284] [OMEGA-LSTM] Score_combinations devolvió 1 resultados para 44 candidatos
2025-08-21 20:45:15 [INFO    ] [OmegaPredictor:282] [OMEGA-LSTM] ✅ Generadas 15 combinaciones óptimas (diversificadas)
2025-08-21 20:45:15 [INFO    ] [OmegaPredictor:282] [OMEGA-LSTM] 📈 Score promedio: 0.0000 (objetivo: >0.65 para 65% accuracy)
2025-08-21 20:45:15 [INFO    ] [OmegaPredictor:282] [OMEGA-LSTM] Entrenamiento completado - Épocas: 20
Mejor época: 7 (val_loss: 0.0739)
Final loss: 0.0506, val_loss final: 0.0741
2025-08-21 20:45:15 [INFO    ] [OmegaPredictor:1350] ⚙️ Ejecutando modelo: montecarlo
2025-08-21 20:45:15 [WARNING ] [OmegaPredictor:82] ⚠️ Se descartaron 295 combinaciones inválidas del historial
2025-08-21 20:45:19 [INFO    ] [OmegaPredictor:252] 🚀 Starting score_combinations
2025-08-21 20:45:19 [INFO    ] [OmegaPredictor:258] ℹ️ No core set provided - skipping core bonus
2025-08-21 20:45:19 [INFO    ] [OmegaPredictor:332] 🔮 ARIMA_score calculado: 0.571
2025-08-21 20:45:21 [INFO    ] [OmegaPredictor:467] 🔄 Adjusted threshold to 0.680 based on historical scores
2025-08-21 20:45:22 [INFO    ] [OmegaPredictor:914] 📊 Scoring metrics and summary saved to logs/20250821_204522_80834
2025-08-21 20:45:22 [INFO    ] [OmegaPredictor:915] ✅ Scored 13 combinations, rejected 2
2025-08-21 20:45:22 [INFO    ] [OmegaPredictor:283] ✅ Generadas 15/15 combos | Fuente: Counter({'montecarlo': 15})
2025-08-21 20:45:22 [INFO    ] [OmegaPredictor:1350] ⚙️ Ejecutando modelo: apriori
2025-08-21 20:45:22 [INFO    ] [OmegaPredictor:914] ✅ Todas las funciones helper están definidas
2025-08-21 20:45:22 [INFO    ] [OmegaPredictor:286] ✅ Preparados 3652 sorteos válidos
2025-08-21 20:45:22 [INFO    ] [OmegaPredictor:979] 🚗 Iniciando generación de combinaciones con 3652 sorteos, método=combined
2025-08-21 20:45:22 [INFO    ] [OmegaPredictor:993] 🚗 Usando combinación de Apriori, ECLAT, FP-Growth y PrefixSpan
2025-08-21 20:45:23 [INFO    ] [OmegaPredictor:489] ✅ [Apriori] Itemsets: 726 | Soporte: 0.01
2025-08-21 20:45:23 [INFO    ] [OmegaPredictor:52] ⏱️ calcular_apriori tomó 0.87 segundos
2025-08-21 20:45:23 [INFO    ] [OmegaPredictor:531] ✅ [ECLAT] Itemsets: 726 | Soporte: 0.01
2025-08-21 20:45:23 [INFO    ] [OmegaPredictor:52] ⏱️ calcular_eclat tomó 0.01 segundos
2025-08-21 20:45:26 [INFO    ] [OmegaPredictor:651] ✅ [FP-Growth] Itemsets: 79 | Soporte: 0.01
2025-08-21 20:45:26 [INFO    ] [OmegaPredictor:52] ⏱️ calcular_fp_growth tomó 3.35 segundos
2025-08-21 20:45:28 [INFO    ] [OmegaPredictor:710] ✅ [PrefixSpan] Patrones secuenciales: 727 | Soporte: 0.01
2025-08-21 20:45:28 [INFO    ] [OmegaPredictor:52] ⏱️ calcular_prefixspan tomó 2.09 segundos
2025-08-21 20:45:28 [INFO    ] [OmegaPredictor:319] ✅ Combinados 727 itemsets en modo 'union'
2025-08-21 20:45:28 [INFO    ] [OmegaPredictor:1071] 🚗 Aplicando K-Means con 4 clústeres
2025-08-21 20:45:28 [INFO    ] [OmegaPredictor:742] ✅ [K-Means] 4 clústeres generados
2025-08-21 20:45:28 [INFO    ] [OmegaPredictor:52] ⏱️ calcular_kmeans tomó 0.05 segundos
2025-08-21 20:45:28 [INFO    ] [OmegaPredictor:1081] 🚗 Entrenando XGBoost con 100 árboles
2025-08-21 20:45:29 [INFO    ] [OmegaPredictor:844] 🩹 Generando 3652 ejemplos negativos sintéticos
2025-08-21 20:45:30 [INFO    ] [OmegaPredictor:861] 🩹 Añadidos 3652 ejemplos negativos sintéticos
2025-08-21 20:45:30 [INFO    ] [OmegaPredictor:883] ✅ XGBoost entrenado con 2 clases
2025-08-21 20:45:30 [INFO    ] [OmegaPredictor:1238] [Apriori] Combinación generada: [6, 13, 18, 19, 30, 31] - Score: 0.2698
2025-08-21 20:45:30 [INFO    ] [OmegaPredictor:1210] [Apriori] Descartada por filtros: [2, 11, 25, 29, 35, 38] - Razones: ['Filtros no especificados']
2025-08-21 20:45:30 [INFO    ] [OmegaPredictor:1210] [Apriori] Descartada por filtros: [2, 4, 17, 22, 28, 40] - Razones: ['Filtros no especificados']
2025-08-21 20:45:30 [INFO    ] [OmegaPredictor:1210] [Apriori] Descartada por filtros: [2, 3, 4, 7, 8, 18] - Razones: ['Filtros no especificados']
2025-08-21 20:45:30 [INFO    ] [OmegaPredictor:1238] [Apriori] Combinación generada: [2, 7, 15, 26, 35, 37] - Score: 0.2776
2025-08-21 20:45:30 [INFO    ] [OmegaPredictor:1210] [Apriori] Descartada por filtros: [6, 7, 11, 21, 22, 40] - Razones: ['Filtros no especificados']
2025-08-21 20:45:30 [INFO    ] [OmegaPredictor:1210] [Apriori] Descartada por filtros: [9, 11, 18, 19, 25, 27] - Razones: ['Filtros no especificados']
2025-08-21 20:45:30 [INFO    ] [OmegaPredictor:1210] [Apriori] Descartada por filtros: [4, 21, 24, 30, 38, 40] - Razones: ['Filtros no especificados']
2025-08-21 20:45:30 [INFO    ] [OmegaPredictor:1210] [Apriori] Descartada por filtros: [5, 7, 9, 34, 35, 39] - Razones: ['Filtros no especificados']
2025-08-21 20:45:30 [INFO    ] [OmegaPredictor:1210] [Apriori] Descartada por filtros: [6, 15, 16, 29, 30, 39] - Razones: ['Filtros no especificados']
2025-08-21 20:45:30 [INFO    ] [OmegaPredictor:1210] [Apriori] Descartada por filtros: [7, 12, 17, 20, 22, 34] - Razones: ['Filtros no especificados']
2025-08-21 20:45:30 [INFO    ] [OmegaPredictor:1210] [Apriori] Descartada por filtros: [3, 11, 20, 26, 32, 34] - Razones: ['Filtros no especificados']
2025-08-21 20:45:30 [INFO    ] [OmegaPredictor:1238] [Apriori] Combinación generada: [14, 19, 22, 26, 33, 34] - Score: 0.2742
2025-08-21 20:45:30 [INFO    ] [OmegaPredictor:1210] [Apriori] Descartada por filtros: [6, 16, 19, 34, 37, 40] - Razones: ['Filtros no especificados']
2025-08-21 20:45:30 [INFO    ] [OmegaPredictor:1210] [Apriori] Descartada por filtros: [1, 11, 16, 30, 36, 37] - Razones: ['Filtros no especificados']
2025-08-21 20:45:30 [INFO    ] [OmegaPredictor:1210] [Apriori] Descartada por filtros: [7, 11, 18, 29, 30, 37] - Razones: ['Filtros no especificados']
2025-08-21 20:45:30 [INFO    ] [OmegaPredictor:1210] [Apriori] Descartada por filtros: [9, 14, 15, 16, 28, 38] - Razones: ['Filtros no especificados']
2025-08-21 20:45:30 [INFO    ] [OmegaPredictor:1238] [Apriori] Combinación generada: [1, 2, 20, 21, 22, 30] - Score: 0.2609
2025-08-21 20:45:30 [INFO    ] [OmegaPredictor:1210] [Apriori] Descartada por filtros: [8, 11, 16, 37, 38, 40] - Razones: ['Filtros no especificados']
2025-08-21 20:45:31 [INFO    ] [OmegaPredictor:1238] [Apriori] Combinación generada: [8, 14, 15, 16, 21, 23] - Score: 0.2780
2025-08-21 20:45:31 [INFO    ] [OmegaPredictor:1238] [Apriori] Combinación generada: [7, 8, 19, 33, 34, 35] - Score: 0.2631
2025-08-21 20:45:31 [INFO    ] [OmegaPredictor:1238] [Apriori] Combinación generada: [1, 7, 14, 17, 20, 23] - Score: 0.2814
2025-08-21 20:45:31 [INFO    ] [OmegaPredictor:1210] [Apriori] Descartada por filtros: [12, 16, 29, 32, 34, 37] - Razones: ['Filtros no especificados']
2025-08-21 20:45:31 [INFO    ] [OmegaPredictor:1210] [Apriori] Descartada por filtros: [4, 6, 14, 16, 23, 40] - Razones: ['Filtros no especificados']
2025-08-21 20:45:31 [INFO    ] [OmegaPredictor:1238] [Apriori] Combinación generada: [1, 6, 18, 21, 28, 35] - Score: 0.2659
2025-08-21 20:45:31 [INFO    ] [OmegaPredictor:1238] [Apriori] Combinación generada: [6, 16, 19, 22, 25, 31] - Score: 0.2728
2025-08-21 20:45:31 [INFO    ] [OmegaPredictor:1210] [Apriori] Descartada por filtros: [7, 8, 12, 23, 24, 31] - Razones: ['Filtros no especificados']
2025-08-21 20:45:31 [INFO    ] [OmegaPredictor:1210] [Apriori] Descartada por filtros: [2, 3, 9, 33, 34, 40] - Razones: ['Filtros no especificados']
2025-08-21 20:45:31 [INFO    ] [OmegaPredictor:1210] [Apriori] Descartada por filtros: [2, 3, 5, 11, 35, 39] - Razones: ['Filtros no especificados']
2025-08-21 20:45:31 [INFO    ] [OmegaPredictor:1238] [Apriori] Combinación generada: [1, 7, 8, 16, 22, 27] - Score: 0.2846
2025-08-21 20:45:31 [INFO    ] [OmegaPredictor:1210] [Apriori] Descartada por filtros: [3, 7, 8, 11, 17, 24] - Razones: ['Filtros no especificados']
2025-08-21 20:45:31 [INFO    ] [OmegaPredictor:1210] [Apriori] Descartada por filtros: [1, 10, 14, 17, 32, 40] - Razones: ['Filtros no especificados']
2025-08-21 20:45:31 [INFO    ] [OmegaPredictor:1238] [Apriori] Combinación generada: [7, 8, 17, 18, 32, 33] - Score: 0.2714
2025-08-21 20:45:31 [INFO    ] [OmegaPredictor:1210] [Apriori] Descartada por filtros: [2, 3, 12, 19, 27, 37] - Razones: ['Filtros no especificados']
2025-08-21 20:45:31 [INFO    ] [OmegaPredictor:1210] [Apriori] Descartada por filtros: [18, 22, 30, 33, 38, 40] - Razones: ['Filtros no especificados']
2025-08-21 20:45:31 [INFO    ] [OmegaPredictor:1238] [Apriori] Combinación generada: [5, 8, 15, 16, 22, 23] - Score: 0.2856
2025-08-21 20:45:31 [INFO    ] [OmegaPredictor:1210] [Apriori] Descartada por filtros: [8, 18, 26, 30, 32, 38] - Razones: ['Filtros no especificados']
2025-08-21 20:45:31 [INFO    ] [OmegaPredictor:1238] [Apriori] Combinación generada: [7, 8, 18, 23, 25, 30] - Score: 0.2746
2025-08-21 20:45:31 [INFO    ] [OmegaPredictor:1210] [Apriori] Descartada por filtros: [5, 20, 32, 33, 34, 38] - Razones: ['Filtros no especificados']
2025-08-21 20:45:31 [INFO    ] [OmegaPredictor:1238] [Apriori] Combinación generada: [1, 7, 8, 15, 17, 35] - Score: 0.2130
2025-08-21 20:45:31 [INFO    ] [OmegaPredictor:1238] [Apriori] Combinación generada: [8, 13, 15, 23, 27, 33] - Score: 0.2387
2025-08-21 20:45:31 [INFO    ] [OmegaPredictor:252] 🚀 Starting score_combinations
2025-08-21 20:45:31 [INFO    ] [OmegaPredictor:258] ℹ️ No core set provided - skipping core bonus
2025-08-21 20:45:31 [INFO    ] [OmegaPredictor:332] 🔮 ARIMA_score calculado: 0.579
2025-08-21 20:45:33 [INFO    ] [OmegaPredictor:467] 🔄 Adjusted threshold to 0.680 based on historical scores
2025-08-21 20:45:34 [INFO    ] [OmegaPredictor:914] 📊 Scoring metrics and summary saved to logs/20250821_204534_80834
2025-08-21 20:45:34 [INFO    ] [OmegaPredictor:915] ✅ Scored 15 combinations, rejected 0
2025-08-21 20:45:34 [INFO    ] [OmegaPredictor:1294] ✅ Generadas 15/15 combinaciones válidas
2025-08-21 20:45:34 [INFO    ] [OmegaPredictor:1350] ⚙️ Ejecutando modelo: transformer_deep
2025-08-21 20:45:34 [INFO    ] [OmegaPredictor:235] 🔧 Configuración adaptativa: memoria=1.2GB, batch_size=8, cleanup=ON
2025-08-21 20:45:40 [INFO    ] [OmegaPredictor:255] 🔧 Transformer inicializado en cpu, memoria optimizada: ON
2025-08-21 20:45:43 [INFO    ] [OmegaPredictor:416] 🔁 Generando respaldo para 15
2025-08-21 20:45:43 [INFO    ] [OmegaPredictor:443] [TRANSFORMER] Respaldo: [1, 5, 9, 18, 30, 37]
2025-08-21 20:45:43 [INFO    ] [OmegaPredictor:443] [TRANSFORMER] Respaldo: [2, 18, 30, 31, 35, 36]
2025-08-21 20:45:43 [INFO    ] [OmegaPredictor:443] [TRANSFORMER] Respaldo: [3, 13, 20, 25, 28, 34]
2025-08-21 20:45:43 [INFO    ] [OmegaPredictor:443] [TRANSFORMER] Respaldo: [1, 4, 7, 14, 25, 31]
2025-08-21 20:45:43 [INFO    ] [OmegaPredictor:443] [TRANSFORMER] Respaldo: [5, 9, 13, 24, 27, 37]
2025-08-21 20:45:43 [INFO    ] [OmegaPredictor:443] [TRANSFORMER] Respaldo: [2, 4, 7, 21, 30, 31]
2025-08-21 20:45:43 [INFO    ] [OmegaPredictor:443] [TRANSFORMER] Respaldo: [1, 2, 9, 16, 22, 32]
2025-08-21 20:45:43 [INFO    ] [OmegaPredictor:443] [TRANSFORMER] Respaldo: [2, 8, 17, 18, 21, 27]
2025-08-21 20:45:43 [INFO    ] [OmegaPredictor:443] [TRANSFORMER] Respaldo: [1, 16, 17, 20, 30, 31]
2025-08-21 20:45:43 [INFO    ] [OmegaPredictor:443] [TRANSFORMER] Respaldo: [2, 6, 20, 27, 30, 31]
2025-08-21 20:45:43 [INFO    ] [OmegaPredictor:443] [TRANSFORMER] Respaldo: [3, 7, 8, 9, 25, 36]
2025-08-21 20:45:43 [INFO    ] [OmegaPredictor:443] [TRANSFORMER] Respaldo: [1, 4, 9, 14, 25, 30]
2025-08-21 20:45:43 [INFO    ] [OmegaPredictor:443] [TRANSFORMER] Respaldo: [17, 18, 20, 30, 33, 34]
2025-08-21 20:45:43 [INFO    ] [OmegaPredictor:443] [TRANSFORMER] Respaldo: [2, 6, 15, 29, 33, 36]
2025-08-21 20:45:43 [INFO    ] [OmegaPredictor:443] [TRANSFORMER] Respaldo: [3, 4, 13, 26, 34, 37]
2025-08-21 20:45:43 [INFO    ] [OmegaPredictor:252] 🚀 Starting score_combinations
2025-08-21 20:45:43 [INFO    ] [OmegaPredictor:258] ℹ️ No core set provided - skipping core bonus
2025-08-21 20:45:43 [INFO    ] [OmegaPredictor:332] 🔮 ARIMA_score calculado: 0.579
2025-08-21 20:45:45 [INFO    ] [OmegaPredictor:467] 🔄 Adjusted threshold to 0.680 based on historical scores
2025-08-21 20:45:45 [INFO    ] [OmegaPredictor:706] 🔥 Rare number bonus: 0.032 for combo [1, 5, 9, 18, 30, 37]
2025-08-21 20:45:45 [INFO    ] [OmegaPredictor:706] 🔥 Rare number bonus: 0.096 for combo [2, 18, 30, 31, 35, 36]
2025-08-21 20:45:45 [INFO    ] [OmegaPredictor:706] 🔥 Rare number bonus: 0.032 for combo [3, 13, 20, 25, 28, 34]
2025-08-21 20:45:45 [INFO    ] [OmegaPredictor:706] 🔥 Rare number bonus: 0.064 for combo [1, 4, 7, 14, 25, 31]
2025-08-21 20:45:45 [INFO    ] [OmegaPredictor:706] 🔥 Rare number bonus: 0.064 for combo [5, 9, 13, 24, 27, 37]
2025-08-21 20:45:45 [INFO    ] [OmegaPredictor:706] 🔥 Rare number bonus: 0.032 for combo [2, 4, 7, 21, 30, 31]
2025-08-21 20:45:45 [INFO    ] [OmegaPredictor:706] 🔥 Rare number bonus: 0.032 for combo [1, 2, 9, 16, 22, 32]
2025-08-21 20:45:45 [INFO    ] [OmegaPredictor:706] 🔥 Rare number bonus: 0.032 for combo [1, 16, 17, 20, 30, 31]
2025-08-21 20:45:45 [INFO    ] [OmegaPredictor:706] 🔥 Rare number bonus: 0.064 for combo [2, 6, 20, 27, 30, 31]
2025-08-21 20:45:45 [INFO    ] [OmegaPredictor:706] 🔥 Rare number bonus: 0.032 for combo [3, 7, 8, 9, 25, 36]
2025-08-21 20:45:45 [INFO    ] [OmegaPredictor:706] 🔥 Rare number bonus: 0.032 for combo [1, 4, 9, 14, 25, 30]
2025-08-21 20:45:46 [INFO    ] [OmegaPredictor:706] 🔥 Rare number bonus: 0.064 for combo [17, 18, 20, 30, 33, 34]
2025-08-21 20:45:46 [INFO    ] [OmegaPredictor:706] 🔥 Rare number bonus: 0.096 for combo [2, 6, 15, 29, 33, 36]
2025-08-21 20:45:46 [INFO    ] [OmegaPredictor:706] 🔥 Rare number bonus: 0.064 for combo [3, 4, 13, 26, 34, 37]
2025-08-21 20:45:46 [INFO    ] [OmegaPredictor:914] 📊 Scoring metrics and summary saved to logs/20250821_204546_80834
2025-08-21 20:45:46 [INFO    ] [OmegaPredictor:915] ✅ Scored 15 combinations, rejected 0
2025-08-21 20:45:46 [INFO    ] [OmegaPredictor:467] ✅ Generadas 15/15
2025-08-21 20:45:46 [INFO    ] [OmegaPredictor:1350] ⚙️ Ejecutando modelo: clustering
2025-08-21 20:45:46 [INFO    ] [OmegaPredictor:62] 🔍 Columnas disponibles: ['bolilla_1', 'bolilla_2', 'bolilla_3', 'bolilla_4', 'bolilla_5', 'bolilla_6']
2025-08-21 20:45:46 [INFO    ] [OmegaPredictor:63] 🎯 Columnas bolillas detectadas: ['bolilla_1', 'bolilla_2', 'bolilla_3', 'bolilla_4', 'bolilla_5', 'bolilla_6']
2025-08-21 20:45:47 [INFO    ] [OmegaPredictor:39] ✅ Cargados 10 jackpots históricos
2025-08-21 20:45:54 [INFO    ] [OmegaPredictor:90] ✅ Seleccionado K óptimo: 3
2025-08-21 20:45:55 [INFO    ] [OmegaPredictor:210] 📊 Cluster 0: Jackpot Rate: 0.000, Pair Strength: 0.000, Diversity: 0.000, Score: 0.000
2025-08-21 20:45:55 [INFO    ] [OmegaPredictor:210] 📊 Cluster 1: Jackpot Rate: 0.000, Pair Strength: 0.000, Diversity: 0.000, Score: 0.000
2025-08-21 20:45:55 [INFO    ] [OmegaPredictor:210] 📊 Cluster 2: Jackpot Rate: 0.000, Pair Strength: 0.000, Diversity: 0.000, Score: 0.000
2025-08-21 20:45:55 [INFO    ] [OmegaPredictor:132] 🔁 Refuerzo desde muestras de clústeres dominantes (0/15)...
2025-08-21 20:45:56 [INFO    ] [OmegaPredictor:145] [CLUSTER-MUT] Muestra 3585 → [3, 5, 9, 19, 35, 36] | Score: 8.0325
2025-08-21 20:45:56 [INFO    ] [OmegaPredictor:145] [CLUSTER-MUT] Muestra 2535 → [5, 6, 17, 22, 23, 25] | Score: 7.0575
2025-08-21 20:45:56 [INFO    ] [OmegaPredictor:152] 🔄 Completando con backup (2/15)...
2025-08-21 20:45:56 [INFO    ] [OmegaPredictor:380] [CLUSTER-RESERVA] [15, 18, 20, 23, 28, 33]
2025-08-21 20:45:56 [INFO    ] [OmegaPredictor:380] [CLUSTER-RESERVA] [3, 7, 14, 26, 33, 36]
2025-08-21 20:45:56 [INFO    ] [OmegaPredictor:380] [CLUSTER-RESERVA] [6, 9, 22, 24, 36, 37]
2025-08-21 20:45:56 [INFO    ] [OmegaPredictor:380] [CLUSTER-RESERVA] [5, 6, 23, 24, 25, 36]
2025-08-21 20:45:56 [INFO    ] [OmegaPredictor:380] [CLUSTER-RESERVA] [2, 16, 17, 25, 28, 35]
2025-08-21 20:45:56 [INFO    ] [OmegaPredictor:380] [CLUSTER-RESERVA] [6, 8, 18, 19, 32, 35]
2025-08-21 20:45:56 [INFO    ] [OmegaPredictor:380] [CLUSTER-RESERVA] [1, 5, 22, 28, 29, 37]
2025-08-21 20:45:56 [INFO    ] [OmegaPredictor:380] [CLUSTER-RESERVA] [5, 7, 15, 19, 36, 37]
2025-08-21 20:45:56 [INFO    ] [OmegaPredictor:380] [CLUSTER-RESERVA] [4, 17, 18, 20, 25, 31]
2025-08-21 20:45:56 [INFO    ] [OmegaPredictor:380] [CLUSTER-RESERVA] [2, 14, 19, 29, 32, 36]
2025-08-21 20:45:56 [INFO    ] [OmegaPredictor:380] [CLUSTER-RESERVA] [13, 25, 27, 29, 30, 36]
2025-08-21 20:45:56 [INFO    ] [OmegaPredictor:380] [CLUSTER-RESERVA] [14, 15, 27, 28, 29, 36]
2025-08-21 20:45:56 [INFO    ] [OmegaPredictor:380] [CLUSTER-RESERVA] [2, 7, 23, 29, 31, 32]
2025-08-21 20:45:56 [INFO    ] [OmegaPredictor:155] ✅ [CLUSTER] Total combinaciones generadas: 15
2025-08-21 20:45:56 [INFO    ] [OmegaPredictor:1350] ⚙️ Ejecutando modelo: genetico
2025-08-21 20:45:56 [INFO    ] [OmegaPredictor:513] 🧬 Iniciando generación genética avanzada...
2025-08-21 20:45:56 [INFO    ] [OmegaPredictor:87] 🧬 GeneticModel avanzado inicializado | 3652 sorteos | Semilla: None
2025-08-21 20:45:57 [INFO    ] [OmegaPredictor:191] 🧬 Población inicial: 15/15 individuos
2025-08-21 20:45:57 [INFO    ] [OmegaPredictor:445] 🧬 Gen  1/ 5 | Mejor: 5140.3 | Prom: 2641.6 | σ: 971.3 | Div: 0.946 | Top: 28(5);6(5);26(5);14(4);22(4)
2025-08-21 20:45:58 [INFO    ] [OmegaPredictor:445] 🧬 Gen  2/ 5 | Mejor: 6661.1 | Prom: 4011.7 | σ: 1024.9 | Div: 0.927 | Top: 37(6);1(5);7(4);26(4);18(4)
2025-08-21 20:45:59 [INFO    ] [OmegaPredictor:445] 🧬 Gen  3/ 5 | Mejor: 8799.4 | Prom: 4584.4 | σ: 1134.8 | Div: 0.955 | Top: 26(5);25(4);3(4);11(4);5(4)
2025-08-21 20:46:02 [INFO    ] [OmegaPredictor:445] 🧬 Gen  4/ 5 | Mejor: 9694.6 | Prom: 4994.8 | σ: 1844.5 | Div: 0.926 | Top: 10(6);29(6);5(5);2(4);24(4)
2025-08-21 20:46:04 [INFO    ] [OmegaPredictor:445] 🧬 Gen  5/ 5 | Mejor: 9694.6 | Prom: 4940.8 | σ: 1870.0 | Div: 0.936 | Top: 37(5);30(4);10(4);15(4);6(4)
2025-08-21 20:46:04 [INFO    ] [OmegaPredictor:483] 📊 Historial de convergencia guardado en genetic_convergence_20250821_204604_noseed.csv
2025-08-21 20:48:59 [INFO    ] [OmegaPredictor:456] 📈 Mejora total del fitness: 4554.3 (88.6%)
2025-08-21 20:49:03 [INFO    ] [OmegaPredictor:603] ✅ 15 combinaciones genéticas generadas en 186.24s
2025-08-21 20:49:03 [INFO    ] [OmegaPredictor:1350] ⚙️ Ejecutando modelo: omega_200_analyzer
2025-08-21 20:49:03 [INFO    ] [OmegaPredictor:1350] ⚙️ Ejecutando modelo: positional_rng_analyzer
2025-08-21 20:49:04 [INFO    ] [OmegaPredictor:1350] ⚙️ Ejecutando modelo: entropy_fft_analyzer
2025-08-21 20:49:04 [INFO    ] [OmegaPredictor:1350] ⚙️ Ejecutando modelo: meta_learning
2025-08-21 20:49:04 [INFO    ] [OmegaPredictor:957] 🧠 Ejecutando Meta-Learning Controller...
2025-08-21 20:49:04 [INFO    ] [OmegaPredictor:1017] ✅ Meta-Learning Controller: 15 combinaciones generadas
2025-08-21 20:49:04 [INFO    ] [OmegaPredictor:1350] ⚙️ Ejecutando modelo: adaptive_learning
2025-08-21 20:49:04 [INFO    ] [OmegaPredictor:1030] 🌟 Ejecutando Adaptive Learning System...
2025-08-21 20:49:04 [INFO    ] [OmegaPredictor:1055] ✅ Predicciones adaptativas generadas: 15
2025-08-21 20:49:04 [INFO    ] [OmegaPredictor:1090] ✅ Adaptive Learning System: 15 combinaciones generadas
2025-08-21 20:49:04 [INFO    ] [OmegaPredictor:1350] ⚙️ Ejecutando modelo: neural_enhancer
2025-08-21 20:49:04 [INFO    ] [OmegaPredictor:1103] 🚀 Ejecutando Neural Enhancer...
2025-08-21 20:49:04 [INFO    ] [OmegaPredictor:1151] ✅ Neural Enhancer: 0 combinaciones generadas
2025-08-21 20:49:04 [INFO    ] [OmegaPredictor:1350] ⚙️ Ejecutando modelo: ai_ensemble
2025-08-21 20:49:04 [INFO    ] [OmegaPredictor:1164] 🤖 Ejecutando AI Ensemble System...
2025-08-21 20:49:04 [INFO    ] [OmegaPredictor:1196] ✅ Predicciones ensemble generadas: 15
2025-08-21 20:49:04 [INFO    ] [OmegaPredictor:1227] ✅ AI Ensemble System: 0 combinaciones generadas
2025-08-21 20:49:24 [INFO    ] [OmegaPredictor:316] ✅ Ghost RNG: 8 combos
2025-08-21 20:49:37 [INFO    ] [OmegaPredictor:367] ✅ Minado inverso: 1 combos
2025-08-21 20:49:37 [INFO    ] [OmegaPredictor:252] 🚀 Starting score_combinations
2025-08-21 20:49:37 [INFO    ] [OmegaPredictor:258] ℹ️ No core set provided - skipping core bonus
2025-08-21 20:49:37 [INFO    ] [OmegaPredictor:332] 🔮 ARIMA_score calculado: 0.579
2025-08-21 20:49:39 [INFO    ] [OmegaPredictor:467] 🔄 Adjusted threshold to 0.680 based on historical scores
2025-08-21 20:49:43 [INFO    ] [OmegaPredictor:914] 📊 Scoring metrics and summary saved to logs/20250821_204943_80834
2025-08-21 20:49:43 [INFO    ] [OmegaPredictor:915] ✅ Scored 72 combinations, rejected 74
2025-08-21 20:49:43 [INFO    ] [OmegaPredictor:1550] ✅ Dynamic scoring aplicado
2025-08-21 20:49:43 [INFO    ] [OmegaPredictor:1599] ⚙️ GBoost auto-fitted con dummy data
2025-08-21 20:49:43 [INFO    ] [OmegaPredictor:1609] ✅ GBoost aplicado a 72 combos
2025-08-21 20:49:43 [INFO    ] [OmegaPredictor:1624] ✅ Perfilado aplicado a 72 combos
2025-08-21 20:49:45 [INFO    ] [OmegaPredictor:1640] ✅ Evaluador aplicado a 72 combos
2025-08-21 20:49:45 [INFO    ] [AdvancedMetricsCollector:251] 🔥 RARE NUMBER DETECTION: Numbers [31, 35], Boost: +0.300, Model: core_predictor, Method: frequency_analysis_enhanced, Hits: 2/6
2025-08-21 20:49:45 [INFO    ] [AdvancedMetricsCollector:259] 📊 Frequency Scores: 14: 0.0202, 31: 0.0193, 34: 0.0193, 35: 0.0170, 36: 0.0161, 33: 0.0186, 6: 0.0199, 37: 0.0178, 32: 0.0197, 24: 0.0204, 38: 0.0153, 39: 0.0143
2025-08-21 20:49:45 [INFO    ] [OmegaPredictor:1705] 🔥 Rare number boost applied: [31, 35]
2025-08-21 20:49:45 [INFO    ] [OmegaPredictor:1706] 📊 Enhanced core set: [7, 18, 20, 22, 31, 35] (size: 6)
2025-08-21 20:49:45 [INFO    ] [OmegaPredictor:1707] 📈 Rare number frequency analysis: 12 rare numbers identified from 40 total numbers
2025-08-21 20:49:45 [INFO    ] [OmegaPredictor:1729] 🔍 Enhanced core_set (w/rare boost): [7, 18, 20, 22, 31, 35]
2025-08-21 20:49:45 [INFO    ] [OmegaPredictor:386] 🔍 Core_set calculado: {7, 18, 20, 22, 23, 30}
2025-08-21 20:49:49 [INFO    ] [OmegaPredictor:1772] ✅ Combinación maestra generada: [1, 2, 18, 30, 35, 37]
2025-08-21 20:49:49 [INFO    ] [OmegaPredictor:1785] ✅ Pesos de modelos recalibrados exitosamente
2025-08-21 20:49:49 [INFO    ] [OmegaPredictor:1807] 🏁 Pipeline completado: 9 combos finales
2025-08-21 20:49:49 [WARNING ] [OmegaPredictor:1818] 🔍 Detectados 4 sesgos sistemáticos
2025-08-21 20:49:49 [INFO    ] [OmegaPredictor:1822] 🔧 Sesgos sistemáticos corregidos
2025-08-21 20:49:49 [WARNING ] [OmegaPredictor:1829] ⚠️ Diversidad insuficiente: 77.5% cobertura
2025-08-21 20:49:49 [WARNING ] [OmegaPredictor:1830] ⚠️ Números omitidos: [4, 6, 38, 39, 11, 18, 28, 29, 31]
2025-08-21 20:49:49 [INFO    ] [OmegaPredictor:1839] 🎯 Diversidad mejorada: 77.5% → 97.5%
2025-08-21 20:49:49 [INFO    ] [OmegaPredictor:1841] 📊 Números aún omitidos: [31]
2025-08-21 20:50:37 [INFO    ] [AdvancedMetricsCollector:196] 🚀 Advanced Metrics Collector initialized
2025-08-21 20:50:37 [INFO    ] [AdvancedMetricsCollector:196] 🚀 Advanced Metrics Collector initialized
2025-08-21 20:50:37 [INFO    ] [AdvancedMetricsCollector:196] 🚀 Advanced Metrics Collector initialized
2025-08-21 20:50:37 [INFO    ] [AdvancedMetricsCollector:196] 🚀 Advanced Metrics Collector initialized
2025-08-21 20:50:37 [INFO    ] [OmegaPredictor:131] ✅ Directorios clave creados o verificados.
2025-08-21 20:50:37 [INFO    ] [OmegaPredictor:131] ✅ Directorios clave creados o verificados.
2025-08-21 20:50:37 [INFO    ] [AdvancedMetricsCollector:196] 🚀 Advanced Metrics Collector initialized
2025-08-21 20:50:37 [INFO    ] [AdvancedMetricsCollector:196] 🚀 Advanced Metrics Collector initialized
2025-08-21 20:50:37 [INFO    ] [AdvancedMetricsCollector:196] 🚀 Advanced Metrics Collector initialized
2025-08-21 20:50:37 [INFO    ] [OmegaPredictor:131] ✅ Directorios clave creados o verificados.
2025-08-21 20:50:37 [INFO    ] [OmegaPredictor:131] ✅ Directorios clave creados o verificados.
2025-08-21 20:50:37 [INFO    ] [OmegaPredictor:131] ✅ Directorios clave creados o verificados.
2025-08-21 20:50:37 [INFO    ] [OmegaPredictor:131] ✅ Directorios clave creados o verificados.
2025-08-21 20:50:37 [INFO    ] [OmegaPredictor:131] ✅ Directorios clave creados o verificados.
2025-08-22 08:53:19 [INFO    ] [AdvancedMetricsCollector:196] 🚀 Advanced Metrics Collector initialized
2025-08-22 08:53:20 [INFO    ] [OmegaPredictor:131] ✅ Directorios clave creados o verificados.
2025-08-22 08:54:20 [INFO    ] [OmegaPredictor:268] ✅ Predictor inicializado con 3652 sorteos históricos
2025-08-22 08:54:21 [INFO    ] [OmegaPredictor:1299] 🚀 Iniciando pipeline de predicción con monitoreo
2025-08-22 08:54:21 [INFO    ] [OmegaPredictor:1350] ⚙️ Ejecutando modelo: consensus
2025-08-22 08:54:21 [INFO    ] [OmegaPredictor:398] 🚀 Starting consensus generation (📊 STANDARD - perfil_svi: moderado)
2025-08-22 08:54:21 [INFO    ] [OmegaPredictor:414] ✅ Validación de seguridad de datos exitosa
2025-08-22 08:54:25 [INFO    ] [OmegaPredictor:440] ✅ Omega 200 Analyzer ejecutado exitosamente
2025-08-22 08:54:26 [INFO    ] [OmegaPredictor:449] ✅ Positional RNG Analyzer ejecutado exitosamente
2025-08-22 08:54:27 [INFO    ] [OmegaPredictor:458] ✅ Entropy FFT Analyzer ejecutado exitosamente
2025-08-22 08:54:28 [INFO    ] [OmegaPredictor:470] ✅ Partial Hit Optimizer ejecutado exitosamente
2025-08-22 08:54:28 [INFO    ] [OmegaPredictor:490] ✅ Budget Optimizer ejecutado exitosamente
2025-08-22 08:54:28 [INFO    ] [OmegaPredictor:500] ♻️ Reentrenando modelos …
2025-08-22 08:55:59 [ERROR   ] [OmegaPredictor:519] 🚨 Error en consenso: The truth value of a DataFrame is ambiguous. Use a.empty, a.bool(), a.item(), a.any() or a.all().
2025-08-22 08:55:59 [INFO    ] [OmegaPredictor:1350] ⚙️ Ejecutando modelo: lstm_v2
2025-08-22 08:55:59 [INFO    ] [OmegaPredictor:282] [OMEGA-LSTM] 🤖 Configuración adaptativa aplicada para 65-70% accuracy target:
2025-08-22 08:55:59 [INFO    ] [OmegaPredictor:282] [OMEGA-LSTM]   • Memory: 1.1GB available
2025-08-22 08:55:59 [INFO    ] [OmegaPredictor:282] [OMEGA-LSTM]   • Config: epochs=20, batch_size=8, units=64
2025-08-22 08:55:59 [INFO    ] [OmegaPredictor:282] [OMEGA-LSTM]   • Architecture: bidirectional=False, attention=False
2025-08-22 08:55:59 [INFO    ] [OmegaPredictor:282] [OMEGA-LSTM] 🚀 Iniciando LSTM Mejorado v2.0 - Objetivo: 65-70% accuracy
2025-08-22 08:55:59 [INFO    ] [OmegaPredictor:282] [OMEGA-LSTM] 📊 Arquitectura: Basic | Bidirectional: False | Attention: False | Strategic Filtering: False
2025-08-22 08:55:59 [INFO    ] [OmegaPredictor:282] [OMEGA-LSTM] ⚙️ Hiperparámetros: units=64, steps=5, batch_size=8, epochs=20
2025-08-22 08:55:59 [INFO    ] [OmegaPredictor:282] [OMEGA-LSTM] 🎯 Configuración final: bidirectional=False, attention=False, units=64, epochs=20, batch_size=8
2025-08-22 08:55:59 [INFO    ] [OmegaPredictor:282] [OMEGA-LSTM] Adjusted early stopping patience: 20
2025-08-22 08:55:59 [INFO    ] [OmegaPredictor:282] [OMEGA-LSTM] Adjusted LR reduction factor: 0.3
2025-08-22 08:55:59 [INFO    ] [OmegaPredictor:282] [OMEGA-LSTM] Adjusted batch size: 8
2025-08-22 08:56:00 [INFO    ] [OmegaPredictor:282] [OMEGA-LSTM] 💻 No GPU detected, using CPU training
2025-08-22 08:56:00 [INFO    ] [OmegaPredictor:282] [OMEGA-LSTM] Generadores creados: train=388, val=68
2025-08-22 08:56:00 [INFO    ] [OmegaPredictor:282] [OMEGA-LSTM] Modelo construido con arquitectura basic
2025-08-22 08:56:00 [INFO    ] [OmegaPredictor:282] [OMEGA-LSTM] 🚀 Iniciando entrenamiento: 20 epochs, batch_size=8
2025-08-22 08:56:25 [INFO    ] [OmegaPredictor:282] [OMEGA-LSTM] ✅ Entrenamiento completado exitosamente
2025-08-22 08:56:39 [WARNING ] [OmegaPredictor:284] [OMEGA-LSTM] Score_combinations devolvió 1 resultados para 41 candidatos
2025-08-22 08:56:39 [INFO    ] [OmegaPredictor:282] [OMEGA-LSTM] ✅ Generadas 14 combinaciones óptimas (diversificadas)
2025-08-22 08:56:39 [INFO    ] [OmegaPredictor:282] [OMEGA-LSTM] 📈 Score promedio: 0.0000 (objetivo: >0.65 para 65% accuracy)
2025-08-22 08:56:39 [INFO    ] [OmegaPredictor:282] [OMEGA-LSTM] Entrenamiento completado - Épocas: 20
Mejor época: 7 (val_loss: 0.0739)
Final loss: 0.0506, val_loss final: 0.0741
2025-08-22 08:56:39 [INFO    ] [OmegaPredictor:1350] ⚙️ Ejecutando modelo: montecarlo
2025-08-22 08:56:39 [WARNING ] [OmegaPredictor:82] ⚠️ Se descartaron 295 combinaciones inválidas del historial
2025-08-22 08:56:44 [INFO    ] [OmegaPredictor:252] 🚀 Starting score_combinations
2025-08-22 08:56:44 [INFO    ] [OmegaPredictor:258] ℹ️ No core set provided - skipping core bonus
2025-08-22 08:56:44 [INFO    ] [OmegaPredictor:332] 🔮 ARIMA_score calculado: 0.571
2025-08-22 08:56:46 [INFO    ] [OmegaPredictor:467] 🔄 Adjusted threshold to 0.680 based on historical scores
2025-08-22 08:56:47 [INFO    ] [OmegaPredictor:914] 📊 Scoring metrics and summary saved to logs/20250822_085647_3620
2025-08-22 08:56:47 [INFO    ] [OmegaPredictor:915] ✅ Scored 12 combinations, rejected 2
2025-08-22 08:56:47 [INFO    ] [OmegaPredictor:283] ✅ Generadas 14/14 combos | Fuente: Counter({'montecarlo': 14})
2025-08-22 08:56:47 [INFO    ] [OmegaPredictor:1350] ⚙️ Ejecutando modelo: apriori
2025-08-22 08:56:47 [INFO    ] [OmegaPredictor:914] ✅ Todas las funciones helper están definidas
2025-08-22 08:56:47 [INFO    ] [OmegaPredictor:286] ✅ Preparados 3652 sorteos válidos
2025-08-22 08:56:47 [INFO    ] [OmegaPredictor:979] 🚗 Iniciando generación de combinaciones con 3652 sorteos, método=combined
2025-08-22 08:56:47 [INFO    ] [OmegaPredictor:993] 🚗 Usando combinación de Apriori, ECLAT, FP-Growth y PrefixSpan
2025-08-22 08:56:48 [INFO    ] [OmegaPredictor:489] ✅ [Apriori] Itemsets: 726 | Soporte: 0.01
2025-08-22 08:56:48 [INFO    ] [OmegaPredictor:52] ⏱️ calcular_apriori tomó 1.00 segundos
2025-08-22 08:56:48 [INFO    ] [OmegaPredictor:531] ✅ [ECLAT] Itemsets: 726 | Soporte: 0.01
2025-08-22 08:56:48 [INFO    ] [OmegaPredictor:52] ⏱️ calcular_eclat tomó 0.01 segundos
2025-08-22 08:56:53 [INFO    ] [OmegaPredictor:651] ✅ [FP-Growth] Itemsets: 79 | Soporte: 0.01
2025-08-22 08:56:53 [INFO    ] [OmegaPredictor:52] ⏱️ calcular_fp_growth tomó 4.44 segundos
2025-08-22 08:56:55 [INFO    ] [OmegaPredictor:710] ✅ [PrefixSpan] Patrones secuenciales: 727 | Soporte: 0.01
2025-08-22 08:56:55 [INFO    ] [OmegaPredictor:52] ⏱️ calcular_prefixspan tomó 2.28 segundos
2025-08-22 08:56:55 [INFO    ] [OmegaPredictor:319] ✅ Combinados 727 itemsets en modo 'union'
2025-08-22 08:56:55 [INFO    ] [OmegaPredictor:1071] 🚗 Aplicando K-Means con 4 clústeres
2025-08-22 08:56:55 [INFO    ] [OmegaPredictor:742] ✅ [K-Means] 4 clústeres generados
2025-08-22 08:56:55 [INFO    ] [OmegaPredictor:52] ⏱️ calcular_kmeans tomó 0.04 segundos
2025-08-22 08:56:55 [INFO    ] [OmegaPredictor:1081] 🚗 Entrenando XGBoost con 100 árboles
2025-08-22 08:56:56 [INFO    ] [OmegaPredictor:844] 🩹 Generando 3652 ejemplos negativos sintéticos
2025-08-22 08:56:57 [INFO    ] [OmegaPredictor:861] 🩹 Añadidos 3652 ejemplos negativos sintéticos
2025-08-22 08:56:57 [INFO    ] [OmegaPredictor:883] ✅ XGBoost entrenado con 2 clases
2025-08-22 08:56:57 [INFO    ] [OmegaPredictor:1238] [Apriori] Combinación generada: [6, 13, 18, 19, 30, 31] - Score: 0.2705
2025-08-22 08:56:57 [INFO    ] [OmegaPredictor:1210] [Apriori] Descartada por filtros: [2, 11, 25, 29, 35, 38] - Razones: ['Filtros no especificados']
2025-08-22 08:56:58 [INFO    ] [OmegaPredictor:1210] [Apriori] Descartada por filtros: [2, 4, 17, 22, 28, 40] - Razones: ['Filtros no especificados']
2025-08-22 08:56:58 [INFO    ] [OmegaPredictor:1210] [Apriori] Descartada por filtros: [2, 3, 4, 7, 8, 18] - Razones: ['Filtros no especificados']
2025-08-22 08:56:58 [INFO    ] [OmegaPredictor:1238] [Apriori] Combinación generada: [2, 7, 15, 26, 35, 37] - Score: 0.2729
2025-08-22 08:56:58 [INFO    ] [OmegaPredictor:1210] [Apriori] Descartada por filtros: [6, 7, 11, 21, 22, 40] - Razones: ['Filtros no especificados']
2025-08-22 08:56:58 [INFO    ] [OmegaPredictor:1210] [Apriori] Descartada por filtros: [9, 11, 18, 19, 25, 27] - Razones: ['Filtros no especificados']
2025-08-22 08:56:58 [INFO    ] [OmegaPredictor:1210] [Apriori] Descartada por filtros: [4, 21, 24, 30, 38, 40] - Razones: ['Filtros no especificados']
2025-08-22 08:56:58 [INFO    ] [OmegaPredictor:1210] [Apriori] Descartada por filtros: [5, 7, 9, 34, 35, 39] - Razones: ['Filtros no especificados']
2025-08-22 08:56:58 [INFO    ] [OmegaPredictor:1210] [Apriori] Descartada por filtros: [6, 15, 16, 29, 30, 39] - Razones: ['Filtros no especificados']
2025-08-22 08:56:58 [INFO    ] [OmegaPredictor:1210] [Apriori] Descartada por filtros: [7, 12, 17, 20, 22, 34] - Razones: ['Filtros no especificados']
2025-08-22 08:56:58 [INFO    ] [OmegaPredictor:1210] [Apriori] Descartada por filtros: [3, 11, 20, 26, 32, 34] - Razones: ['Filtros no especificados']
2025-08-22 08:56:58 [INFO    ] [OmegaPredictor:1238] [Apriori] Combinación generada: [14, 19, 22, 26, 33, 34] - Score: 0.2750
2025-08-22 08:56:58 [INFO    ] [OmegaPredictor:1210] [Apriori] Descartada por filtros: [6, 16, 19, 34, 37, 40] - Razones: ['Filtros no especificados']
2025-08-22 08:56:58 [INFO    ] [OmegaPredictor:1210] [Apriori] Descartada por filtros: [1, 11, 16, 30, 36, 37] - Razones: ['Filtros no especificados']
2025-08-22 08:56:58 [INFO    ] [OmegaPredictor:1210] [Apriori] Descartada por filtros: [7, 11, 18, 29, 30, 37] - Razones: ['Filtros no especificados']
2025-08-22 08:56:58 [INFO    ] [OmegaPredictor:1210] [Apriori] Descartada por filtros: [9, 14, 15, 16, 28, 38] - Razones: ['Filtros no especificados']
2025-08-22 08:56:58 [INFO    ] [OmegaPredictor:1238] [Apriori] Combinación generada: [1, 2, 20, 21, 22, 30] - Score: 0.2609
2025-08-22 08:56:58 [INFO    ] [OmegaPredictor:1210] [Apriori] Descartada por filtros: [8, 11, 16, 37, 38, 40] - Razones: ['Filtros no especificados']
2025-08-22 08:56:58 [INFO    ] [OmegaPredictor:1238] [Apriori] Combinación generada: [8, 14, 15, 16, 21, 23] - Score: 0.2778
2025-08-22 08:56:58 [INFO    ] [OmegaPredictor:1238] [Apriori] Combinación generada: [7, 8, 19, 33, 34, 35] - Score: 0.2658
2025-08-22 08:56:58 [INFO    ] [OmegaPredictor:1238] [Apriori] Combinación generada: [1, 7, 14, 17, 20, 23] - Score: 0.2812
2025-08-22 08:56:58 [INFO    ] [OmegaPredictor:1210] [Apriori] Descartada por filtros: [12, 16, 29, 32, 34, 37] - Razones: ['Filtros no especificados']
2025-08-22 08:56:58 [INFO    ] [OmegaPredictor:1210] [Apriori] Descartada por filtros: [4, 6, 14, 16, 23, 40] - Razones: ['Filtros no especificados']
2025-08-22 08:56:58 [INFO    ] [OmegaPredictor:1238] [Apriori] Combinación generada: [1, 6, 18, 21, 28, 35] - Score: 0.2657
2025-08-22 08:56:58 [INFO    ] [OmegaPredictor:1238] [Apriori] Combinación generada: [6, 16, 19, 22, 25, 31] - Score: 0.2747
2025-08-22 08:56:58 [INFO    ] [OmegaPredictor:1210] [Apriori] Descartada por filtros: [7, 8, 12, 23, 24, 31] - Razones: ['Filtros no especificados']
2025-08-22 08:56:58 [INFO    ] [OmegaPredictor:1210] [Apriori] Descartada por filtros: [2, 3, 9, 33, 34, 40] - Razones: ['Filtros no especificados']
2025-08-22 08:56:58 [INFO    ] [OmegaPredictor:1210] [Apriori] Descartada por filtros: [2, 3, 5, 11, 35, 39] - Razones: ['Filtros no especificados']
2025-08-22 08:56:58 [INFO    ] [OmegaPredictor:1238] [Apriori] Combinación generada: [1, 7, 8, 16, 22, 27] - Score: 0.2844
2025-08-22 08:56:58 [INFO    ] [OmegaPredictor:1210] [Apriori] Descartada por filtros: [3, 7, 8, 11, 17, 24] - Razones: ['Filtros no especificados']
2025-08-22 08:56:58 [INFO    ] [OmegaPredictor:1210] [Apriori] Descartada por filtros: [1, 10, 14, 17, 32, 40] - Razones: ['Filtros no especificados']
2025-08-22 08:56:58 [INFO    ] [OmegaPredictor:1238] [Apriori] Combinación generada: [7, 8, 17, 18, 32, 33] - Score: 0.2703
2025-08-22 08:56:58 [INFO    ] [OmegaPredictor:1210] [Apriori] Descartada por filtros: [2, 3, 12, 19, 27, 37] - Razones: ['Filtros no especificados']
2025-08-22 08:56:58 [INFO    ] [OmegaPredictor:1210] [Apriori] Descartada por filtros: [18, 22, 30, 33, 38, 40] - Razones: ['Filtros no especificados']
2025-08-22 08:56:59 [INFO    ] [OmegaPredictor:1238] [Apriori] Combinación generada: [5, 8, 15, 16, 22, 23] - Score: 0.2854
2025-08-22 08:56:59 [INFO    ] [OmegaPredictor:1210] [Apriori] Descartada por filtros: [8, 18, 26, 30, 32, 38] - Razones: ['Filtros no especificados']
2025-08-22 08:56:59 [INFO    ] [OmegaPredictor:1238] [Apriori] Combinación generada: [7, 8, 18, 23, 25, 30] - Score: 0.2747
2025-08-22 08:56:59 [INFO    ] [OmegaPredictor:1210] [Apriori] Descartada por filtros: [5, 20, 32, 33, 34, 38] - Razones: ['Filtros no especificados']
2025-08-22 08:56:59 [INFO    ] [OmegaPredictor:1238] [Apriori] Combinación generada: [1, 7, 8, 15, 17, 35] - Score: 0.2112
2025-08-22 08:56:59 [INFO    ] [OmegaPredictor:252] 🚀 Starting score_combinations
2025-08-22 08:56:59 [INFO    ] [OmegaPredictor:258] ℹ️ No core set provided - skipping core bonus
2025-08-22 08:56:59 [INFO    ] [OmegaPredictor:332] 🔮 ARIMA_score calculado: 0.579
2025-08-22 08:57:02 [INFO    ] [OmegaPredictor:467] 🔄 Adjusted threshold to 0.680 based on historical scores
2025-08-22 08:57:02 [INFO    ] [OmegaPredictor:914] 📊 Scoring metrics and summary saved to logs/20250822_085702_3620
2025-08-22 08:57:02 [INFO    ] [OmegaPredictor:915] ✅ Scored 14 combinations, rejected 0
2025-08-22 08:57:02 [INFO    ] [OmegaPredictor:1294] ✅ Generadas 14/14 combinaciones válidas
2025-08-22 08:57:02 [INFO    ] [OmegaPredictor:1350] ⚙️ Ejecutando modelo: transformer_deep
2025-08-22 08:57:02 [INFO    ] [OmegaPredictor:235] 🔧 Configuración adaptativa: memoria=1.2GB, batch_size=8, cleanup=ON
2025-08-22 08:57:07 [INFO    ] [OmegaPredictor:255] 🔧 Transformer inicializado en cpu, memoria optimizada: ON
2025-08-22 08:57:09 [INFO    ] [OmegaPredictor:416] 🔁 Generando respaldo para 14
2025-08-22 08:57:09 [INFO    ] [OmegaPredictor:443] [TRANSFORMER] Respaldo: [1, 9, 18, 23, 29, 30]
2025-08-22 08:57:09 [INFO    ] [OmegaPredictor:443] [TRANSFORMER] Respaldo: [4, 5, 16, 20, 31, 36]
2025-08-22 08:57:09 [INFO    ] [OmegaPredictor:443] [TRANSFORMER] Respaldo: [5, 9, 13, 24, 27, 37]
2025-08-22 08:57:09 [INFO    ] [OmegaPredictor:443] [TRANSFORMER] Respaldo: [1, 2, 9, 16, 22, 32]
2025-08-22 08:57:09 [INFO    ] [OmegaPredictor:443] [TRANSFORMER] Respaldo: [2, 8, 17, 18, 21, 27]
2025-08-22 08:57:09 [INFO    ] [OmegaPredictor:443] [TRANSFORMER] Respaldo: [1, 16, 17, 20, 30, 31]
2025-08-22 08:57:09 [INFO    ] [OmegaPredictor:443] [TRANSFORMER] Respaldo: [2, 6, 20, 27, 30, 31]
2025-08-22 08:57:09 [INFO    ] [OmegaPredictor:443] [TRANSFORMER] Respaldo: [3, 7, 8, 9, 25, 36]
2025-08-22 08:57:09 [INFO    ] [OmegaPredictor:443] [TRANSFORMER] Respaldo: [1, 4, 9, 14, 25, 30]
2025-08-22 08:57:09 [INFO    ] [OmegaPredictor:252] 🚀 Starting score_combinations
2025-08-22 08:57:09 [INFO    ] [OmegaPredictor:258] ℹ️ No core set provided - skipping core bonus
2025-08-22 08:57:09 [INFO    ] [OmegaPredictor:332] 🔮 ARIMA_score calculado: 0.579
2025-08-22 08:57:12 [INFO    ] [OmegaPredictor:467] 🔄 Adjusted threshold to 0.680 based on historical scores
2025-08-22 08:57:12 [INFO    ] [OmegaPredictor:706] 🔥 Rare number bonus: 0.064 for combo [4, 5, 16, 20, 31, 36]
2025-08-22 08:57:12 [INFO    ] [OmegaPredictor:706] 🔥 Rare number bonus: 0.064 for combo [5, 9, 13, 24, 27, 37]
2025-08-22 08:57:12 [INFO    ] [OmegaPredictor:706] 🔥 Rare number bonus: 0.032 for combo [1, 2, 9, 16, 22, 32]
2025-08-22 08:57:12 [INFO    ] [OmegaPredictor:706] 🔥 Rare number bonus: 0.032 for combo [1, 16, 17, 20, 30, 31]
2025-08-22 08:57:12 [INFO    ] [OmegaPredictor:706] 🔥 Rare number bonus: 0.064 for combo [2, 6, 20, 27, 30, 31]
2025-08-22 08:57:12 [INFO    ] [OmegaPredictor:706] 🔥 Rare number bonus: 0.032 for combo [3, 7, 8, 9, 25, 36]
2025-08-22 08:57:13 [INFO    ] [OmegaPredictor:706] 🔥 Rare number bonus: 0.032 for combo [1, 4, 9, 14, 25, 30]
2025-08-22 08:57:13 [INFO    ] [OmegaPredictor:914] 📊 Scoring metrics and summary saved to logs/20250822_085713_3620
2025-08-22 08:57:13 [INFO    ] [OmegaPredictor:915] ✅ Scored 9 combinations, rejected 0
2025-08-22 08:57:13 [INFO    ] [OmegaPredictor:467] ✅ Generadas 9/14
2025-08-22 08:57:13 [INFO    ] [OmegaPredictor:1350] ⚙️ Ejecutando modelo: clustering
2025-08-22 08:57:13 [INFO    ] [OmegaPredictor:62] 🔍 Columnas disponibles: ['bolilla_1', 'bolilla_2', 'bolilla_3', 'bolilla_4', 'bolilla_5', 'bolilla_6']
2025-08-22 08:57:13 [INFO    ] [OmegaPredictor:63] 🎯 Columnas bolillas detectadas: ['bolilla_1', 'bolilla_2', 'bolilla_3', 'bolilla_4', 'bolilla_5', 'bolilla_6']
2025-08-22 08:57:14 [INFO    ] [OmegaPredictor:39] ✅ Cargados 10 jackpots históricos
2025-08-22 08:57:27 [INFO    ] [OmegaPredictor:90] ✅ Seleccionado K óptimo: 3
2025-08-22 08:57:30 [INFO    ] [OmegaPredictor:210] 📊 Cluster 0: Jackpot Rate: 0.000, Pair Strength: 0.000, Diversity: 0.000, Score: 0.000
2025-08-22 08:57:30 [INFO    ] [OmegaPredictor:210] 📊 Cluster 1: Jackpot Rate: 0.000, Pair Strength: 0.000, Diversity: 0.000, Score: 0.000
2025-08-22 08:57:30 [INFO    ] [OmegaPredictor:210] 📊 Cluster 2: Jackpot Rate: 0.000, Pair Strength: 0.000, Diversity: 0.000, Score: 0.000
2025-08-22 08:57:30 [INFO    ] [OmegaPredictor:132] 🔁 Refuerzo desde muestras de clústeres dominantes (0/14)...
2025-08-22 08:57:30 [INFO    ] [OmegaPredictor:145] [CLUSTER-MUT] Muestra 559 → [16, 18, 24, 25, 26, 37] | Score: 12.3000
2025-08-22 08:57:30 [INFO    ] [OmegaPredictor:145] [CLUSTER-MUT] Muestra 1294 → [14, 20, 21, 26, 33, 36] | Score: 8.0325
2025-08-22 08:57:30 [INFO    ] [OmegaPredictor:145] [CLUSTER-MUT] Muestra 3217 → [7, 14, 17, 30, 34, 37] | Score: 7.0575
2025-08-22 08:57:30 [INFO    ] [OmegaPredictor:152] 🔄 Completando con backup (3/14)...
2025-08-22 08:57:30 [INFO    ] [OmegaPredictor:380] [CLUSTER-RESERVA] [5, 7, 14, 20, 33, 35]
2025-08-22 08:57:30 [INFO    ] [OmegaPredictor:380] [CLUSTER-RESERVA] [4, 13, 15, 21, 26, 35]
2025-08-22 08:57:30 [INFO    ] [OmegaPredictor:380] [CLUSTER-RESERVA] [5, 8, 21, 26, 29, 35]
2025-08-22 08:57:30 [INFO    ] [OmegaPredictor:380] [CLUSTER-RESERVA] [17, 19, 27, 28, 31, 33]
2025-08-22 08:57:30 [INFO    ] [OmegaPredictor:380] [CLUSTER-RESERVA] [2, 15, 19, 28, 36, 37]
2025-08-22 08:57:30 [INFO    ] [OmegaPredictor:380] [CLUSTER-RESERVA] [8, 14, 23, 24, 29, 32]
2025-08-22 08:57:30 [INFO    ] [OmegaPredictor:380] [CLUSTER-RESERVA] [3, 9, 14, 26, 33, 36]
2025-08-22 08:57:30 [INFO    ] [OmegaPredictor:380] [CLUSTER-RESERVA] [6, 20, 22, 24, 36, 37]
2025-08-22 08:57:30 [INFO    ] [OmegaPredictor:380] [CLUSTER-RESERVA] [5, 17, 23, 24, 25, 36]
2025-08-22 08:57:31 [INFO    ] [OmegaPredictor:380] [CLUSTER-RESERVA] [6, 8, 18, 19, 32, 35]
2025-08-22 08:57:31 [INFO    ] [OmegaPredictor:380] [CLUSTER-RESERVA] [1, 5, 22, 28, 29, 37]
2025-08-22 08:57:31 [INFO    ] [OmegaPredictor:155] ✅ [CLUSTER] Total combinaciones generadas: 14
2025-08-22 08:57:31 [INFO    ] [OmegaPredictor:1350] ⚙️ Ejecutando modelo: genetico
2025-08-22 08:57:31 [INFO    ] [OmegaPredictor:513] 🧬 Iniciando generación genética avanzada...
2025-08-22 08:57:31 [INFO    ] [OmegaPredictor:87] 🧬 GeneticModel avanzado inicializado | 3652 sorteos | Semilla: None
2025-08-22 08:57:31 [INFO    ] [OmegaPredictor:191] 🧬 Población inicial: 15/15 individuos
2025-08-22 08:57:31 [INFO    ] [OmegaPredictor:445] 🧬 Gen  1/ 5 | Mejor: 5079.2 | Prom: 3025.8 | σ: 1198.0 | Div: 0.927 | Top: 6(6);30(5);40(4);22(4);13(4)
2025-08-22 08:57:32 [INFO    ] [OmegaPredictor:445] 🧬 Gen  2/ 5 | Mejor: 6117.2 | Prom: 4209.8 | σ: 1072.5 | Div: 0.913 | Top: 3(8);6(6);24(6);17(5);40(4)
2025-08-22 08:57:33 [INFO    ] [OmegaPredictor:445] 🧬 Gen  3/ 5 | Mejor: 6527.1 | Prom: 4222.6 | σ: 645.6 | Div: 0.911 | Top: 26(6);3(6);37(5);17(5);32(5)
2025-08-22 08:57:34 [INFO    ] [OmegaPredictor:445] 🧬 Gen  4/ 5 | Mejor: 8588.4 | Prom: 4503.2 | σ: 1103.3 | Div: 0.919 | Top: 35(7);22(5);3(5);4(5);23(5)
2025-08-22 08:57:35 [INFO    ] [OmegaPredictor:445] 🧬 Gen  5/ 5 | Mejor: 9554.7 | Prom: 5311.3 | σ: 2104.5 | Div: 0.904 | Top: 23(7);38(6);3(5);8(5);32(5)
2025-08-22 08:57:36 [INFO    ] [OmegaPredictor:483] 📊 Historial de convergencia guardado en genetic_convergence_20250822_085736_noseed.csv
2025-08-22 09:00:47 [INFO    ] [OmegaPredictor:456] 📈 Mejora total del fitness: 4475.5 (88.1%)
2025-08-22 09:00:52 [INFO    ] [OmegaPredictor:603] ✅ 14 combinaciones genéticas generadas en 200.94s
2025-08-22 09:00:52 [INFO    ] [OmegaPredictor:1350] ⚙️ Ejecutando modelo: omega_200_analyzer
2025-08-22 09:00:52 [INFO    ] [OmegaPredictor:1350] ⚙️ Ejecutando modelo: positional_rng_analyzer
2025-08-22 09:00:53 [INFO    ] [OmegaPredictor:1350] ⚙️ Ejecutando modelo: entropy_fft_analyzer
2025-08-22 09:00:53 [INFO    ] [OmegaPredictor:1350] ⚙️ Ejecutando modelo: meta_learning
2025-08-22 09:00:53 [INFO    ] [OmegaPredictor:957] 🧠 Ejecutando Meta-Learning Controller...
2025-08-22 09:00:53 [INFO    ] [OmegaPredictor:1017] ✅ Meta-Learning Controller: 14 combinaciones generadas
2025-08-22 09:00:53 [INFO    ] [OmegaPredictor:1350] ⚙️ Ejecutando modelo: adaptive_learning
2025-08-22 09:00:53 [INFO    ] [OmegaPredictor:1030] 🌟 Ejecutando Adaptive Learning System...
2025-08-22 09:00:53 [INFO    ] [OmegaPredictor:1055] ✅ Predicciones adaptativas generadas: 14
2025-08-22 09:00:53 [INFO    ] [OmegaPredictor:1090] ✅ Adaptive Learning System: 14 combinaciones generadas
2025-08-22 09:00:53 [INFO    ] [OmegaPredictor:1350] ⚙️ Ejecutando modelo: neural_enhancer
2025-08-22 09:00:53 [INFO    ] [OmegaPredictor:1103] 🚀 Ejecutando Neural Enhancer...
2025-08-22 09:00:53 [INFO    ] [OmegaPredictor:1151] ✅ Neural Enhancer: 0 combinaciones generadas
2025-08-22 09:00:53 [INFO    ] [OmegaPredictor:1350] ⚙️ Ejecutando modelo: ai_ensemble
2025-08-22 09:00:53 [INFO    ] [OmegaPredictor:1164] 🤖 Ejecutando AI Ensemble System...
2025-08-22 09:00:53 [INFO    ] [OmegaPredictor:1196] ✅ Predicciones ensemble generadas: 14
2025-08-22 09:00:53 [INFO    ] [OmegaPredictor:1227] ✅ AI Ensemble System: 0 combinaciones generadas
2025-08-22 09:01:23 [INFO    ] [OmegaPredictor:316] ✅ Ghost RNG: 8 combos
2025-08-22 09:01:35 [INFO    ] [OmegaPredictor:367] ✅ Minado inverso: 1 combos
2025-08-22 09:01:35 [INFO    ] [OmegaPredictor:252] 🚀 Starting score_combinations
2025-08-22 09:01:35 [INFO    ] [OmegaPredictor:258] ℹ️ No core set provided - skipping core bonus
2025-08-22 09:01:35 [INFO    ] [OmegaPredictor:332] 🔮 ARIMA_score calculado: 0.579
2025-08-22 09:01:38 [INFO    ] [OmegaPredictor:467] 🔄 Adjusted threshold to 0.680 based on historical scores
2025-08-22 09:01:42 [INFO    ] [OmegaPredictor:914] 📊 Scoring metrics and summary saved to logs/20250822_090142_3620
2025-08-22 09:01:42 [INFO    ] [OmegaPredictor:915] ✅ Scored 61 combinations, rejected 71
2025-08-22 09:01:42 [INFO    ] [OmegaPredictor:1550] ✅ Dynamic scoring aplicado
2025-08-22 09:01:42 [INFO    ] [OmegaPredictor:1599] ⚙️ GBoost auto-fitted con dummy data
2025-08-22 09:01:42 [INFO    ] [OmegaPredictor:1609] ✅ GBoost aplicado a 61 combos
2025-08-22 09:01:42 [INFO    ] [OmegaPredictor:1624] ✅ Perfilado aplicado a 61 combos
2025-08-22 09:01:44 [INFO    ] [OmegaPredictor:1640] ✅ Evaluador aplicado a 61 combos
2025-08-22 09:01:44 [INFO    ] [AdvancedMetricsCollector:251] 🔥 RARE NUMBER DETECTION: Numbers [33, 31], Boost: +0.300, Model: core_predictor, Method: frequency_analysis_enhanced, Hits: 2/6
2025-08-22 09:01:44 [INFO    ] [AdvancedMetricsCollector:259] 📊 Frequency Scores: 14: 0.0202, 31: 0.0193, 34: 0.0193, 35: 0.0170, 36: 0.0161, 33: 0.0186, 6: 0.0199, 37: 0.0178, 32: 0.0197, 24: 0.0204, 38: 0.0153, 39: 0.0143
2025-08-22 09:01:44 [INFO    ] [OmegaPredictor:1705] 🔥 Rare number boost applied: [31, 33]
2025-08-22 09:01:44 [INFO    ] [OmegaPredictor:1706] 📊 Enhanced core set: [8, 18, 20, 23, 31, 33] (size: 6)
2025-08-22 09:01:44 [INFO    ] [OmegaPredictor:1707] 📈 Rare number frequency analysis: 12 rare numbers identified from 40 total numbers
2025-08-22 09:01:44 [INFO    ] [OmegaPredictor:1729] 🔍 Enhanced core_set (w/rare boost): [8, 18, 20, 23, 31, 33]
2025-08-22 09:01:44 [INFO    ] [OmegaPredictor:386] 🔍 Core_set calculado: {8, 13, 18, 20, 22, 23}
2025-08-22 09:01:49 [INFO    ] [OmegaPredictor:1772] ✅ Combinación maestra generada: [6, 8, 17, 18, 21, 22]
2025-08-22 09:01:49 [INFO    ] [OmegaPredictor:1785] ✅ Pesos de modelos recalibrados exitosamente
2025-08-22 09:01:49 [INFO    ] [OmegaPredictor:1807] 🏁 Pipeline completado: 9 combos finales
2025-08-22 09:01:49 [WARNING ] [OmegaPredictor:1818] 🔍 Detectados 4 sesgos sistemáticos
2025-08-22 09:01:49 [INFO    ] [OmegaPredictor:1822] 🔧 Sesgos sistemáticos corregidos
2025-08-22 09:01:49 [WARNING ] [OmegaPredictor:1829] ⚠️ Diversidad insuficiente: 82.5% cobertura
2025-08-22 09:01:49 [WARNING ] [OmegaPredictor:1830] ⚠️ Números omitidos: [34, 37, 12, 14, 16, 21, 24]
2025-08-22 09:01:49 [INFO    ] [OmegaPredictor:1839] 🎯 Diversidad mejorada: 82.5% → 92.5%
2025-08-22 09:01:49 [INFO    ] [OmegaPredictor:1841] 📊 Números aún omitidos: [16, 24, 21]
2025-08-22 09:02:31 [INFO    ] [AdvancedMetricsCollector:196] 🚀 Advanced Metrics Collector initialized
2025-08-22 09:02:31 [INFO    ] [AdvancedMetricsCollector:196] 🚀 Advanced Metrics Collector initialized
2025-08-22 09:02:31 [INFO    ] [OmegaPredictor:131] ✅ Directorios clave creados o verificados.
2025-08-22 09:02:31 [INFO    ] [AdvancedMetricsCollector:196] 🚀 Advanced Metrics Collector initialized
2025-08-22 09:02:31 [INFO    ] [OmegaPredictor:131] ✅ Directorios clave creados o verificados.
2025-08-22 09:02:31 [INFO    ] [AdvancedMetricsCollector:196] 🚀 Advanced Metrics Collector initialized
2025-08-22 09:02:31 [INFO    ] [OmegaPredictor:131] ✅ Directorios clave creados o verificados.
2025-08-22 09:02:31 [INFO    ] [OmegaPredictor:131] ✅ Directorios clave creados o verificados.
2025-08-22 09:02:31 [INFO    ] [AdvancedMetricsCollector:196] 🚀 Advanced Metrics Collector initialized
2025-08-22 09:02:31 [INFO    ] [AdvancedMetricsCollector:196] 🚀 Advanced Metrics Collector initialized
2025-08-22 09:02:31 [INFO    ] [OmegaPredictor:131] ✅ Directorios clave creados o verificados.
2025-08-22 09:02:31 [INFO    ] [OmegaPredictor:131] ✅ Directorios clave creados o verificados.
2025-08-22 09:02:31 [INFO    ] [AdvancedMetricsCollector:196] 🚀 Advanced Metrics Collector initialized
2025-08-22 09:02:31 [INFO    ] [OmegaPredictor:131] ✅ Directorios clave creados o verificados.
2025-08-22 09:25:02 [INFO    ] [AdvancedMetricsCollector:196] 🚀 Advanced Metrics Collector initialized
2025-08-22 09:25:04 [INFO    ] [OmegaPredictor:131] ✅ Directorios clave creados o verificados.
2025-08-22 09:26:23 [INFO    ] [OmegaPredictor:268] ✅ Predictor inicializado con 3652 sorteos históricos
2025-08-22 09:26:24 [INFO    ] [OmegaPredictor:1299] 🚀 Iniciando pipeline de predicción con monitoreo
2025-08-22 09:26:24 [INFO    ] [OmegaPredictor:1350] ⚙️ Ejecutando modelo: consensus
2025-08-22 09:26:24 [INFO    ] [OmegaPredictor:398] 🚀 Starting consensus generation (📊 STANDARD - perfil_svi: moderado)
2025-08-22 09:26:24 [INFO    ] [OmegaPredictor:414] ✅ Validación de seguridad de datos exitosa
2025-08-22 09:26:34 [INFO    ] [OmegaPredictor:440] ✅ Omega 200 Analyzer ejecutado exitosamente
2025-08-22 09:26:35 [INFO    ] [OmegaPredictor:449] ✅ Positional RNG Analyzer ejecutado exitosamente
2025-08-22 09:26:35 [INFO    ] [OmegaPredictor:458] ✅ Entropy FFT Analyzer ejecutado exitosamente
2025-08-22 09:26:36 [INFO    ] [OmegaPredictor:470] ✅ Partial Hit Optimizer ejecutado exitosamente
2025-08-22 09:26:36 [INFO    ] [OmegaPredictor:490] ✅ Budget Optimizer ejecutado exitosamente
2025-08-22 09:26:36 [INFO    ] [OmegaPredictor:500] ♻️ Reentrenando modelos …
2025-08-22 09:27:42 [ERROR   ] [OmegaPredictor:519] 🚨 Error en consenso: The truth value of a DataFrame is ambiguous. Use a.empty, a.bool(), a.item(), a.any() or a.all().
2025-08-22 09:27:42 [INFO    ] [OmegaPredictor:1350] ⚙️ Ejecutando modelo: lstm_v2
2025-08-22 09:27:42 [INFO    ] [OmegaPredictor:282] [OMEGA-LSTM] 🤖 Configuración adaptativa aplicada para 65-70% accuracy target:
2025-08-22 09:27:42 [INFO    ] [OmegaPredictor:282] [OMEGA-LSTM]   • Memory: 1.2GB available
2025-08-22 09:27:42 [INFO    ] [OmegaPredictor:282] [OMEGA-LSTM]   • Config: epochs=20, batch_size=8, units=64
2025-08-22 09:27:42 [INFO    ] [OmegaPredictor:282] [OMEGA-LSTM]   • Architecture: bidirectional=False, attention=False
2025-08-22 09:27:42 [INFO    ] [OmegaPredictor:282] [OMEGA-LSTM] 🚀 Iniciando LSTM Mejorado v2.0 - Objetivo: 65-70% accuracy
2025-08-22 09:27:42 [INFO    ] [OmegaPredictor:282] [OMEGA-LSTM] 📊 Arquitectura: Basic | Bidirectional: False | Attention: False | Strategic Filtering: False
2025-08-22 09:27:42 [INFO    ] [OmegaPredictor:282] [OMEGA-LSTM] ⚙️ Hiperparámetros: units=64, steps=5, batch_size=8, epochs=20
2025-08-22 09:27:42 [INFO    ] [OmegaPredictor:282] [OMEGA-LSTM] 🎯 Configuración final: bidirectional=False, attention=False, units=64, epochs=20, batch_size=8
2025-08-22 09:27:42 [INFO    ] [OmegaPredictor:282] [OMEGA-LSTM] Adjusted early stopping patience: 20
2025-08-22 09:27:42 [INFO    ] [OmegaPredictor:282] [OMEGA-LSTM] Adjusted LR reduction factor: 0.3
2025-08-22 09:27:42 [INFO    ] [OmegaPredictor:282] [OMEGA-LSTM] Adjusted batch size: 8
2025-08-22 09:27:42 [INFO    ] [OmegaPredictor:282] [OMEGA-LSTM] 💻 No GPU detected, using CPU training
2025-08-22 09:27:42 [INFO    ] [OmegaPredictor:282] [OMEGA-LSTM] Generadores creados: train=388, val=68
2025-08-22 09:27:42 [INFO    ] [OmegaPredictor:282] [OMEGA-LSTM] Modelo construido con arquitectura basic
2025-08-22 09:27:42 [INFO    ] [OmegaPredictor:282] [OMEGA-LSTM] 🚀 Iniciando entrenamiento: 20 epochs, batch_size=8
2025-08-22 09:28:01 [INFO    ] [OmegaPredictor:282] [OMEGA-LSTM] ✅ Entrenamiento completado exitosamente
2025-08-22 09:30:02 [WARNING ] [OmegaPredictor:284] [OMEGA-LSTM] Score_combinations devolvió 1 resultados para 41 candidatos
2025-08-22 09:30:02 [INFO    ] [OmegaPredictor:282] [OMEGA-LSTM] ✅ Generadas 14 combinaciones óptimas (diversificadas)
2025-08-22 09:30:02 [INFO    ] [OmegaPredictor:282] [OMEGA-LSTM] 📈 Score promedio: 0.0000 (objetivo: >0.65 para 65% accuracy)
2025-08-22 09:30:02 [INFO    ] [OmegaPredictor:282] [OMEGA-LSTM] Entrenamiento completado - Épocas: 20
Mejor época: 7 (val_loss: 0.0739)
Final loss: 0.0506, val_loss final: 0.0741
2025-08-22 09:30:02 [INFO    ] [OmegaPredictor:1350] ⚙️ Ejecutando modelo: montecarlo
2025-08-22 09:30:02 [WARNING ] [OmegaPredictor:82] ⚠️ Se descartaron 295 combinaciones inválidas del historial
2025-08-22 09:30:05 [INFO    ] [OmegaPredictor:252] 🚀 Starting score_combinations
2025-08-22 09:30:05 [INFO    ] [OmegaPredictor:258] ℹ️ No core set provided - skipping core bonus
2025-08-22 09:30:05 [INFO    ] [OmegaPredictor:332] 🔮 ARIMA_score calculado: 0.571
2025-08-22 09:30:09 [INFO    ] [OmegaPredictor:467] 🔄 Adjusted threshold to 0.680 based on historical scores
2025-08-22 09:30:09 [INFO    ] [OmegaPredictor:914] 📊 Scoring metrics and summary saved to logs/20250822_093009_4889
2025-08-22 09:30:09 [INFO    ] [OmegaPredictor:915] ✅ Scored 12 combinations, rejected 2
2025-08-22 09:30:09 [INFO    ] [OmegaPredictor:283] ✅ Generadas 14/14 combos | Fuente: Counter({'montecarlo': 14})
2025-08-22 09:30:09 [INFO    ] [OmegaPredictor:1350] ⚙️ Ejecutando modelo: apriori
2025-08-22 09:30:09 [INFO    ] [OmegaPredictor:914] ✅ Todas las funciones helper están definidas
2025-08-22 09:30:09 [INFO    ] [OmegaPredictor:286] ✅ Preparados 3652 sorteos válidos
2025-08-22 09:30:09 [INFO    ] [OmegaPredictor:979] 🚗 Iniciando generación de combinaciones con 3652 sorteos, método=combined
2025-08-22 09:30:09 [INFO    ] [OmegaPredictor:993] 🚗 Usando combinación de Apriori, ECLAT, FP-Growth y PrefixSpan
2025-08-22 09:30:10 [INFO    ] [OmegaPredictor:489] ✅ [Apriori] Itemsets: 726 | Soporte: 0.01
2025-08-22 09:30:10 [INFO    ] [OmegaPredictor:52] ⏱️ calcular_apriori tomó 0.88 segundos
2025-08-22 09:30:10 [INFO    ] [OmegaPredictor:531] ✅ [ECLAT] Itemsets: 726 | Soporte: 0.01
2025-08-22 09:30:10 [INFO    ] [OmegaPredictor:52] ⏱️ calcular_eclat tomó 0.01 segundos
2025-08-22 09:30:14 [INFO    ] [OmegaPredictor:651] ✅ [FP-Growth] Itemsets: 79 | Soporte: 0.01
2025-08-22 09:30:14 [INFO    ] [OmegaPredictor:52] ⏱️ calcular_fp_growth tomó 3.59 segundos
2025-08-22 09:30:16 [INFO    ] [OmegaPredictor:710] ✅ [PrefixSpan] Patrones secuenciales: 727 | Soporte: 0.01
2025-08-22 09:30:16 [INFO    ] [OmegaPredictor:52] ⏱️ calcular_prefixspan tomó 1.87 segundos
2025-08-22 09:30:16 [INFO    ] [OmegaPredictor:319] ✅ Combinados 727 itemsets en modo 'union'
2025-08-22 09:30:16 [INFO    ] [OmegaPredictor:1071] 🚗 Aplicando K-Means con 4 clústeres
2025-08-22 09:30:16 [INFO    ] [OmegaPredictor:742] ✅ [K-Means] 4 clústeres generados
2025-08-22 09:30:16 [INFO    ] [OmegaPredictor:52] ⏱️ calcular_kmeans tomó 0.03 segundos
2025-08-22 09:30:16 [INFO    ] [OmegaPredictor:1081] 🚗 Entrenando XGBoost con 100 árboles
2025-08-22 09:30:17 [INFO    ] [OmegaPredictor:844] 🩹 Generando 3652 ejemplos negativos sintéticos
2025-08-22 09:30:18 [INFO    ] [OmegaPredictor:861] 🩹 Añadidos 3652 ejemplos negativos sintéticos
2025-08-22 09:30:18 [INFO    ] [OmegaPredictor:883] ✅ XGBoost entrenado con 2 clases
2025-08-22 09:30:18 [INFO    ] [OmegaPredictor:1238] [Apriori] Combinación generada: [6, 13, 18, 19, 30, 31] - Score: 0.2705
2025-08-22 09:30:18 [INFO    ] [OmegaPredictor:1210] [Apriori] Descartada por filtros: [2, 11, 25, 29, 35, 38] - Razones: ['Filtros no especificados']
2025-08-22 09:30:18 [INFO    ] [OmegaPredictor:1210] [Apriori] Descartada por filtros: [2, 4, 17, 22, 28, 40] - Razones: ['Filtros no especificados']
2025-08-22 09:30:18 [INFO    ] [OmegaPredictor:1210] [Apriori] Descartada por filtros: [2, 3, 4, 7, 8, 18] - Razones: ['Filtros no especificados']
2025-08-22 09:30:18 [INFO    ] [OmegaPredictor:1238] [Apriori] Combinación generada: [2, 7, 15, 26, 35, 37] - Score: 0.2729
2025-08-22 09:30:18 [INFO    ] [OmegaPredictor:1210] [Apriori] Descartada por filtros: [6, 7, 11, 21, 22, 40] - Razones: ['Filtros no especificados']
2025-08-22 09:30:18 [INFO    ] [OmegaPredictor:1210] [Apriori] Descartada por filtros: [9, 11, 18, 19, 25, 27] - Razones: ['Filtros no especificados']
2025-08-22 09:30:18 [INFO    ] [OmegaPredictor:1210] [Apriori] Descartada por filtros: [4, 21, 24, 30, 38, 40] - Razones: ['Filtros no especificados']
2025-08-22 09:30:18 [INFO    ] [OmegaPredictor:1210] [Apriori] Descartada por filtros: [5, 7, 9, 34, 35, 39] - Razones: ['Filtros no especificados']
2025-08-22 09:30:18 [INFO    ] [OmegaPredictor:1210] [Apriori] Descartada por filtros: [6, 15, 16, 29, 30, 39] - Razones: ['Filtros no especificados']
2025-08-22 09:30:18 [INFO    ] [OmegaPredictor:1210] [Apriori] Descartada por filtros: [7, 12, 17, 20, 22, 34] - Razones: ['Filtros no especificados']
2025-08-22 09:30:18 [INFO    ] [OmegaPredictor:1210] [Apriori] Descartada por filtros: [3, 11, 20, 26, 32, 34] - Razones: ['Filtros no especificados']
2025-08-22 09:30:18 [INFO    ] [OmegaPredictor:1238] [Apriori] Combinación generada: [14, 19, 22, 26, 33, 34] - Score: 0.2750
2025-08-22 09:30:18 [INFO    ] [OmegaPredictor:1210] [Apriori] Descartada por filtros: [6, 16, 19, 34, 37, 40] - Razones: ['Filtros no especificados']
2025-08-22 09:30:18 [INFO    ] [OmegaPredictor:1210] [Apriori] Descartada por filtros: [1, 11, 16, 30, 36, 37] - Razones: ['Filtros no especificados']
2025-08-22 09:30:18 [INFO    ] [OmegaPredictor:1210] [Apriori] Descartada por filtros: [7, 11, 18, 29, 30, 37] - Razones: ['Filtros no especificados']
2025-08-22 09:30:18 [INFO    ] [OmegaPredictor:1210] [Apriori] Descartada por filtros: [9, 14, 15, 16, 28, 38] - Razones: ['Filtros no especificados']
2025-08-22 09:30:18 [INFO    ] [OmegaPredictor:1238] [Apriori] Combinación generada: [1, 2, 20, 21, 22, 30] - Score: 0.2609
2025-08-22 09:30:18 [INFO    ] [OmegaPredictor:1210] [Apriori] Descartada por filtros: [8, 11, 16, 37, 38, 40] - Razones: ['Filtros no especificados']
2025-08-22 09:30:18 [INFO    ] [OmegaPredictor:1238] [Apriori] Combinación generada: [8, 14, 15, 16, 21, 23] - Score: 0.2778
2025-08-22 09:30:18 [INFO    ] [OmegaPredictor:1238] [Apriori] Combinación generada: [7, 8, 19, 33, 34, 35] - Score: 0.2658
2025-08-22 09:30:18 [INFO    ] [OmegaPredictor:1238] [Apriori] Combinación generada: [1, 7, 14, 17, 20, 23] - Score: 0.2812
2025-08-22 09:30:18 [INFO    ] [OmegaPredictor:1210] [Apriori] Descartada por filtros: [12, 16, 29, 32, 34, 37] - Razones: ['Filtros no especificados']
2025-08-22 09:30:18 [INFO    ] [OmegaPredictor:1210] [Apriori] Descartada por filtros: [4, 6, 14, 16, 23, 40] - Razones: ['Filtros no especificados']
2025-08-22 09:30:18 [INFO    ] [OmegaPredictor:1238] [Apriori] Combinación generada: [1, 6, 18, 21, 28, 35] - Score: 0.2657
2025-08-22 09:30:18 [INFO    ] [OmegaPredictor:1238] [Apriori] Combinación generada: [6, 16, 19, 22, 25, 31] - Score: 0.2747
2025-08-22 09:30:18 [INFO    ] [OmegaPredictor:1210] [Apriori] Descartada por filtros: [7, 8, 12, 23, 24, 31] - Razones: ['Filtros no especificados']
2025-08-22 09:30:19 [INFO    ] [OmegaPredictor:1210] [Apriori] Descartada por filtros: [2, 3, 9, 33, 34, 40] - Razones: ['Filtros no especificados']
2025-08-22 09:30:19 [INFO    ] [OmegaPredictor:1210] [Apriori] Descartada por filtros: [2, 3, 5, 11, 35, 39] - Razones: ['Filtros no especificados']
2025-08-22 09:30:19 [INFO    ] [OmegaPredictor:1238] [Apriori] Combinación generada: [1, 7, 8, 16, 22, 27] - Score: 0.2844
2025-08-22 09:30:19 [INFO    ] [OmegaPredictor:1210] [Apriori] Descartada por filtros: [3, 7, 8, 11, 17, 24] - Razones: ['Filtros no especificados']
2025-08-22 09:30:19 [INFO    ] [OmegaPredictor:1210] [Apriori] Descartada por filtros: [1, 10, 14, 17, 32, 40] - Razones: ['Filtros no especificados']
2025-08-22 09:30:19 [INFO    ] [OmegaPredictor:1238] [Apriori] Combinación generada: [7, 8, 17, 18, 32, 33] - Score: 0.2703
2025-08-22 09:30:19 [INFO    ] [OmegaPredictor:1210] [Apriori] Descartada por filtros: [2, 3, 12, 19, 27, 37] - Razones: ['Filtros no especificados']
2025-08-22 09:30:19 [INFO    ] [OmegaPredictor:1210] [Apriori] Descartada por filtros: [18, 22, 30, 33, 38, 40] - Razones: ['Filtros no especificados']
2025-08-22 09:30:19 [INFO    ] [OmegaPredictor:1238] [Apriori] Combinación generada: [5, 8, 15, 16, 22, 23] - Score: 0.2854
2025-08-22 09:30:19 [INFO    ] [OmegaPredictor:1210] [Apriori] Descartada por filtros: [8, 18, 26, 30, 32, 38] - Razones: ['Filtros no especificados']
2025-08-22 09:30:19 [INFO    ] [OmegaPredictor:1238] [Apriori] Combinación generada: [7, 8, 18, 23, 25, 30] - Score: 0.2747
2025-08-22 09:30:19 [INFO    ] [OmegaPredictor:1210] [Apriori] Descartada por filtros: [5, 20, 32, 33, 34, 38] - Razones: ['Filtros no especificados']
2025-08-22 09:30:19 [INFO    ] [OmegaPredictor:1238] [Apriori] Combinación generada: [1, 7, 8, 15, 17, 35] - Score: 0.2112
2025-08-22 09:30:19 [INFO    ] [OmegaPredictor:252] 🚀 Starting score_combinations
2025-08-22 09:30:19 [INFO    ] [OmegaPredictor:258] ℹ️ No core set provided - skipping core bonus
2025-08-22 09:30:19 [INFO    ] [OmegaPredictor:332] 🔮 ARIMA_score calculado: 0.579
2025-08-22 09:30:21 [INFO    ] [OmegaPredictor:467] 🔄 Adjusted threshold to 0.680 based on historical scores
2025-08-22 09:30:22 [INFO    ] [OmegaPredictor:914] 📊 Scoring metrics and summary saved to logs/20250822_093022_4889
2025-08-22 09:30:22 [INFO    ] [OmegaPredictor:915] ✅ Scored 14 combinations, rejected 0
2025-08-22 09:30:22 [INFO    ] [OmegaPredictor:1294] ✅ Generadas 14/14 combinaciones válidas
2025-08-22 09:30:22 [INFO    ] [OmegaPredictor:1350] ⚙️ Ejecutando modelo: transformer_deep
2025-08-22 09:30:22 [INFO    ] [OmegaPredictor:235] 🔧 Configuración adaptativa: memoria=1.2GB, batch_size=8, cleanup=ON
2025-08-22 09:30:28 [INFO    ] [OmegaPredictor:255] 🔧 Transformer inicializado en cpu, memoria optimizada: ON
2025-08-22 09:30:30 [INFO    ] [OmegaPredictor:416] 🔁 Generando respaldo para 14
2025-08-22 09:30:30 [INFO    ] [OmegaPredictor:443] [TRANSFORMER] Respaldo: [1, 9, 18, 23, 29, 30]
2025-08-22 09:30:30 [INFO    ] [OmegaPredictor:443] [TRANSFORMER] Respaldo: [4, 5, 16, 20, 31, 36]
2025-08-22 09:30:30 [INFO    ] [OmegaPredictor:443] [TRANSFORMER] Respaldo: [5, 9, 13, 24, 27, 37]
2025-08-22 09:30:30 [INFO    ] [OmegaPredictor:443] [TRANSFORMER] Respaldo: [1, 2, 9, 16, 22, 32]
2025-08-22 09:30:30 [INFO    ] [OmegaPredictor:443] [TRANSFORMER] Respaldo: [2, 8, 17, 18, 21, 27]
2025-08-22 09:30:30 [INFO    ] [OmegaPredictor:443] [TRANSFORMER] Respaldo: [1, 16, 17, 20, 30, 31]
2025-08-22 09:30:30 [INFO    ] [OmegaPredictor:443] [TRANSFORMER] Respaldo: [2, 6, 20, 27, 30, 31]
2025-08-22 09:30:30 [INFO    ] [OmegaPredictor:443] [TRANSFORMER] Respaldo: [3, 7, 8, 9, 25, 36]
2025-08-22 09:30:30 [INFO    ] [OmegaPredictor:443] [TRANSFORMER] Respaldo: [1, 4, 9, 14, 25, 30]
2025-08-22 09:30:30 [INFO    ] [OmegaPredictor:252] 🚀 Starting score_combinations
2025-08-22 09:30:30 [INFO    ] [OmegaPredictor:258] ℹ️ No core set provided - skipping core bonus
2025-08-22 09:30:30 [INFO    ] [OmegaPredictor:332] 🔮 ARIMA_score calculado: 0.579
2025-08-22 09:30:32 [INFO    ] [OmegaPredictor:467] 🔄 Adjusted threshold to 0.680 based on historical scores
2025-08-22 09:30:32 [INFO    ] [OmegaPredictor:706] 🔥 Rare number bonus: 0.064 for combo [4, 5, 16, 20, 31, 36]
2025-08-22 09:30:32 [INFO    ] [OmegaPredictor:706] 🔥 Rare number bonus: 0.064 for combo [5, 9, 13, 24, 27, 37]
2025-08-22 09:30:32 [INFO    ] [OmegaPredictor:706] 🔥 Rare number bonus: 0.032 for combo [1, 2, 9, 16, 22, 32]
2025-08-22 09:30:32 [INFO    ] [OmegaPredictor:706] 🔥 Rare number bonus: 0.032 for combo [1, 16, 17, 20, 30, 31]
2025-08-22 09:30:32 [INFO    ] [OmegaPredictor:706] 🔥 Rare number bonus: 0.064 for combo [2, 6, 20, 27, 30, 31]
2025-08-22 09:30:33 [INFO    ] [OmegaPredictor:706] 🔥 Rare number bonus: 0.032 for combo [3, 7, 8, 9, 25, 36]
2025-08-22 09:30:33 [INFO    ] [OmegaPredictor:706] 🔥 Rare number bonus: 0.032 for combo [1, 4, 9, 14, 25, 30]
2025-08-22 09:30:33 [INFO    ] [OmegaPredictor:914] 📊 Scoring metrics and summary saved to logs/20250822_093033_4889
2025-08-22 09:30:33 [INFO    ] [OmegaPredictor:915] ✅ Scored 9 combinations, rejected 0
2025-08-22 09:30:33 [INFO    ] [OmegaPredictor:467] ✅ Generadas 9/14
2025-08-22 09:30:33 [INFO    ] [OmegaPredictor:1350] ⚙️ Ejecutando modelo: clustering
2025-08-22 09:30:33 [INFO    ] [OmegaPredictor:62] 🔍 Columnas disponibles: ['bolilla_1', 'bolilla_2', 'bolilla_3', 'bolilla_4', 'bolilla_5', 'bolilla_6']
2025-08-22 09:30:33 [INFO    ] [OmegaPredictor:63] 🎯 Columnas bolillas detectadas: ['bolilla_1', 'bolilla_2', 'bolilla_3', 'bolilla_4', 'bolilla_5', 'bolilla_6']
2025-08-22 09:30:35 [INFO    ] [OmegaPredictor:39] ✅ Cargados 10 jackpots históricos
2025-08-22 09:30:44 [INFO    ] [OmegaPredictor:90] ✅ Seleccionado K óptimo: 3
2025-08-22 09:30:46 [INFO    ] [OmegaPredictor:210] 📊 Cluster 0: Jackpot Rate: 0.000, Pair Strength: 0.000, Diversity: 0.000, Score: 0.000
2025-08-22 09:30:46 [INFO    ] [OmegaPredictor:210] 📊 Cluster 1: Jackpot Rate: 0.000, Pair Strength: 0.000, Diversity: 0.000, Score: 0.000
2025-08-22 09:30:46 [INFO    ] [OmegaPredictor:210] 📊 Cluster 2: Jackpot Rate: 0.000, Pair Strength: 0.000, Diversity: 0.000, Score: 0.000
2025-08-22 09:30:46 [INFO    ] [OmegaPredictor:132] 🔁 Refuerzo desde muestras de clústeres dominantes (0/14)...
2025-08-22 09:30:46 [INFO    ] [OmegaPredictor:145] [CLUSTER-MUT] Muestra 559 → [16, 18, 24, 25, 26, 37] | Score: 12.3000
2025-08-22 09:30:46 [INFO    ] [OmegaPredictor:145] [CLUSTER-MUT] Muestra 1294 → [14, 20, 21, 26, 33, 36] | Score: 8.0325
2025-08-22 09:30:46 [INFO    ] [OmegaPredictor:145] [CLUSTER-MUT] Muestra 3217 → [7, 14, 17, 30, 34, 37] | Score: 7.0575
2025-08-22 09:30:46 [INFO    ] [OmegaPredictor:152] 🔄 Completando con backup (3/14)...
2025-08-22 09:30:47 [INFO    ] [OmegaPredictor:380] [CLUSTER-RESERVA] [5, 7, 14, 20, 33, 35]
2025-08-22 09:30:47 [INFO    ] [OmegaPredictor:380] [CLUSTER-RESERVA] [4, 13, 15, 21, 26, 35]
2025-08-22 09:30:47 [INFO    ] [OmegaPredictor:380] [CLUSTER-RESERVA] [5, 8, 21, 26, 29, 35]
2025-08-22 09:30:47 [INFO    ] [OmegaPredictor:380] [CLUSTER-RESERVA] [17, 19, 27, 28, 31, 33]
2025-08-22 09:30:47 [INFO    ] [OmegaPredictor:380] [CLUSTER-RESERVA] [2, 15, 19, 28, 36, 37]
2025-08-22 09:30:47 [INFO    ] [OmegaPredictor:380] [CLUSTER-RESERVA] [8, 14, 23, 24, 29, 32]
2025-08-22 09:30:47 [INFO    ] [OmegaPredictor:380] [CLUSTER-RESERVA] [3, 9, 14, 26, 33, 36]
2025-08-22 09:30:47 [INFO    ] [OmegaPredictor:380] [CLUSTER-RESERVA] [6, 20, 22, 24, 36, 37]
2025-08-22 09:30:47 [INFO    ] [OmegaPredictor:380] [CLUSTER-RESERVA] [5, 17, 23, 24, 25, 36]
2025-08-22 09:30:47 [INFO    ] [OmegaPredictor:380] [CLUSTER-RESERVA] [6, 8, 18, 19, 32, 35]
2025-08-22 09:30:47 [INFO    ] [OmegaPredictor:380] [CLUSTER-RESERVA] [1, 5, 22, 28, 29, 37]
2025-08-22 09:30:47 [INFO    ] [OmegaPredictor:155] ✅ [CLUSTER] Total combinaciones generadas: 14
2025-08-22 09:30:47 [INFO    ] [OmegaPredictor:1350] ⚙️ Ejecutando modelo: genetico
2025-08-22 09:30:47 [INFO    ] [OmegaPredictor:513] 🧬 Iniciando generación genética avanzada...
2025-08-22 09:30:47 [INFO    ] [OmegaPredictor:87] 🧬 GeneticModel avanzado inicializado | 3652 sorteos | Semilla: None
2025-08-22 09:30:47 [INFO    ] [OmegaPredictor:191] 🧬 Población inicial: 15/15 individuos
2025-08-22 09:30:48 [INFO    ] [OmegaPredictor:445] 🧬 Gen  1/ 5 | Mejor: 5108.8 | Prom: 2456.3 | σ: 712.6 | Div: 0.944 | Top: 38(5);8(5);1(4);37(4);15(4)
2025-08-22 09:30:48 [INFO    ] [OmegaPredictor:445] 🧬 Gen  2/ 5 | Mejor: 8434.5 | Prom: 3808.0 | σ: 1253.2 | Div: 0.923 | Top: 7(7);36(6);15(5);5(5);3(5)
2025-08-22 09:30:49 [INFO    ] [OmegaPredictor:445] 🧬 Gen  3/ 5 | Mejor: 9638.3 | Prom: 4581.7 | σ: 1368.1 | Div: 0.947 | Top: 7(5);8(5);38(4);16(4);3(4)
2025-08-22 09:30:50 [INFO    ] [OmegaPredictor:445] 🧬 Gen  4/ 5 | Mejor: 9638.3 | Prom: 4622.3 | σ: 1347.4 | Div: 0.932 | Top: 10(5);16(5);25(5);3(5);11(4)
2025-08-22 09:30:51 [INFO    ] [OmegaPredictor:415] 🎯 Early convergence detected at generation 4 (improvement < 0.005)
2025-08-22 09:30:51 [INFO    ] [OmegaPredictor:483] 📊 Historial de convergencia guardado en genetic_convergence_20250822_093051_noseed.csv
2025-08-22 09:33:50 [INFO    ] [OmegaPredictor:456] 📈 Mejora total del fitness: 4529.5 (88.7%)
2025-08-22 09:33:55 [INFO    ] [OmegaPredictor:603] ✅ 14 combinaciones genéticas generadas en 187.64s
2025-08-22 09:33:55 [INFO    ] [OmegaPredictor:1350] ⚙️ Ejecutando modelo: omega_200_analyzer
2025-08-22 09:33:55 [INFO    ] [OmegaPredictor:1350] ⚙️ Ejecutando modelo: positional_rng_analyzer
2025-08-22 09:33:56 [INFO    ] [OmegaPredictor:1350] ⚙️ Ejecutando modelo: entropy_fft_analyzer
2025-08-22 09:33:56 [INFO    ] [OmegaPredictor:1350] ⚙️ Ejecutando modelo: meta_learning
2025-08-22 09:33:56 [INFO    ] [OmegaPredictor:957] 🧠 Ejecutando Meta-Learning Controller...
2025-08-22 09:33:56 [INFO    ] [OmegaPredictor:1017] ✅ Meta-Learning Controller: 14 combinaciones generadas
2025-08-22 09:33:56 [INFO    ] [OmegaPredictor:1350] ⚙️ Ejecutando modelo: adaptive_learning
2025-08-22 09:33:56 [INFO    ] [OmegaPredictor:1030] 🌟 Ejecutando Adaptive Learning System...
2025-08-22 09:33:56 [INFO    ] [OmegaPredictor:1055] ✅ Predicciones adaptativas generadas: 14
2025-08-22 09:33:56 [INFO    ] [OmegaPredictor:1090] ✅ Adaptive Learning System: 14 combinaciones generadas
2025-08-22 09:33:56 [INFO    ] [OmegaPredictor:1350] ⚙️ Ejecutando modelo: neural_enhancer
2025-08-22 09:33:56 [INFO    ] [OmegaPredictor:1103] 🚀 Ejecutando Neural Enhancer...
2025-08-22 09:33:56 [INFO    ] [OmegaPredictor:1151] ✅ Neural Enhancer: 0 combinaciones generadas
2025-08-22 09:33:56 [INFO    ] [OmegaPredictor:1350] ⚙️ Ejecutando modelo: ai_ensemble
2025-08-22 09:33:56 [INFO    ] [OmegaPredictor:1164] 🤖 Ejecutando AI Ensemble System...
2025-08-22 09:33:56 [INFO    ] [OmegaPredictor:1196] ✅ Predicciones ensemble generadas: 14
2025-08-22 09:33:56 [INFO    ] [OmegaPredictor:1227] ✅ AI Ensemble System: 0 combinaciones generadas
2025-08-22 09:34:27 [INFO    ] [OmegaPredictor:316] ✅ Ghost RNG: 8 combos
2025-08-22 09:34:40 [INFO    ] [OmegaPredictor:367] ✅ Minado inverso: 1 combos
2025-08-22 09:34:40 [INFO    ] [OmegaPredictor:252] 🚀 Starting score_combinations
2025-08-22 09:34:40 [INFO    ] [OmegaPredictor:258] ℹ️ No core set provided - skipping core bonus
2025-08-22 09:34:40 [INFO    ] [OmegaPredictor:332] 🔮 ARIMA_score calculado: 0.579
2025-08-22 09:34:43 [INFO    ] [OmegaPredictor:467] 🔄 Adjusted threshold to 0.680 based on historical scores
2025-08-22 09:34:46 [INFO    ] [OmegaPredictor:914] 📊 Scoring metrics and summary saved to logs/20250822_093446_4889
2025-08-22 09:34:46 [INFO    ] [OmegaPredictor:915] ✅ Scored 60 combinations, rejected 72
2025-08-22 09:34:46 [INFO    ] [OmegaPredictor:1550] ✅ Dynamic scoring aplicado
2025-08-22 09:34:46 [INFO    ] [OmegaPredictor:1599] ⚙️ GBoost auto-fitted con dummy data
2025-08-22 09:34:46 [INFO    ] [OmegaPredictor:1609] ✅ GBoost aplicado a 60 combos
2025-08-22 09:34:46 [INFO    ] [OmegaPredictor:1624] ✅ Perfilado aplicado a 60 combos
2025-08-22 09:34:53 [INFO    ] [OmegaPredictor:1640] ✅ Evaluador aplicado a 60 combos
2025-08-22 09:34:53 [INFO    ] [AdvancedMetricsCollector:251] 🔥 RARE NUMBER DETECTION: Numbers [37, 31], Boost: +0.300, Model: core_predictor, Method: frequency_analysis_enhanced, Hits: 2/6
2025-08-22 09:34:53 [INFO    ] [AdvancedMetricsCollector:259] 📊 Frequency Scores: 14: 0.0202, 31: 0.0193, 34: 0.0193, 35: 0.0170, 36: 0.0161, 33: 0.0186, 6: 0.0199, 37: 0.0178, 32: 0.0197, 24: 0.0204, 38: 0.0153, 39: 0.0143
2025-08-22 09:34:53 [INFO    ] [OmegaPredictor:1705] 🔥 Rare number boost applied: [31, 37]
2025-08-22 09:34:53 [INFO    ] [OmegaPredictor:1706] 📊 Enhanced core set: [8, 13, 18, 22, 31, 37] (size: 6)
2025-08-22 09:34:53 [INFO    ] [OmegaPredictor:1707] 📈 Rare number frequency analysis: 12 rare numbers identified from 40 total numbers
2025-08-22 09:34:53 [INFO    ] [OmegaPredictor:1729] 🔍 Enhanced core_set (w/rare boost): [8, 13, 18, 22, 31, 37]
2025-08-22 09:34:53 [INFO    ] [OmegaPredictor:386] 🔍 Core_set calculado: {5, 37, 8, 13, 18, 22}
2025-08-22 09:34:57 [INFO    ] [OmegaPredictor:1772] ✅ Combinación maestra generada: [6, 8, 17, 18, 21, 22]
2025-08-22 09:34:59 [INFO    ] [OmegaPredictor:1785] ✅ Pesos de modelos recalibrados exitosamente
2025-08-22 09:34:59 [INFO    ] [OmegaPredictor:1807] 🏁 Pipeline completado: 9 combos finales
2025-08-22 09:34:59 [WARNING ] [OmegaPredictor:1818] 🔍 Detectados 4 sesgos sistemáticos
2025-08-22 09:34:59 [INFO    ] [OmegaPredictor:1822] 🔧 Sesgos sistemáticos corregidos
2025-08-22 09:34:59 [WARNING ] [OmegaPredictor:1829] ⚠️ Diversidad insuficiente: 82.5% cobertura
2025-08-22 09:34:59 [WARNING ] [OmegaPredictor:1830] ⚠️ Números omitidos: [34, 37, 12, 14, 16, 21, 24]
2025-08-22 09:34:59 [INFO    ] [OmegaPredictor:1839] 🎯 Diversidad mejorada: 82.5% → 92.5%
2025-08-22 09:34:59 [INFO    ] [OmegaPredictor:1841] 📊 Números aún omitidos: [16, 24, 21]
